c:\users\haro7\desktop\studycegui\cegui\cegui-0.8.7\cegui-0.8.7\build\lib\ceguibase-0.lib
c:\users\haro7\desktop\studycegui\cegui\cegui-0.8.7\cegui-0.8.7\build\lib\ceguibase-0.exp
c:\users\haro7\desktop\studycegui\cegui\cegui-0.8.7\cegui-0.8.7\build\cegui\src\ceguibase-0.dir\release\animation.obj
c:\users\haro7\desktop\studycegui\cegui\cegui-0.8.7\cegui-0.8.7\build\cegui\src\ceguibase-0.dir\release\colour.obj
c:\users\haro7\desktop\studycegui\cegui\cegui-0.8.7\cegui-0.8.7\build\cegui\src\ceguibase-0.dir\release\defaultlogger.obj
c:\users\haro7\desktop\studycegui\cegui\cegui-0.8.7\cegui-0.8.7\build\cegui\src\ceguibase-0.dir\release\exceptions.obj
c:\users\haro7\desktop\studycegui\cegui\cegui-0.8.7\cegui-0.8.7\build\cegui\src\ceguibase-0.dir\release\geometrybuffer.obj
c:\users\haro7\desktop\studycegui\cegui\cegui-0.8.7\cegui-0.8.7\build\cegui\src\ceguibase-0.dir\release\justifiedrenderedstring.obj
c:\users\haro7\desktop\studycegui\cegui\cegui-0.8.7\cegui-0.8.7\build\cegui\src\ceguibase-0.dir\release\logger.obj
c:\users\haro7\desktop\studycegui\cegui\cegui-0.8.7\cegui-0.8.7\build\cegui\src\ceguibase-0.dir\release\property.obj
c:\users\haro7\desktop\studycegui\cegui\cegui-0.8.7\cegui-0.8.7\build\cegui\src\ceguibase-0.dir\release\rendertarget.obj
c:\users\haro7\desktop\studycegui\cegui\cegui-0.8.7\cegui-0.8.7\build\cegui\src\ceguibase-0.dir\release\renderingsurface.obj
c:\users\haro7\desktop\studycegui\cegui\cegui-0.8.7\cegui-0.8.7\build\cegui\src\ceguibase-0.dir\release\simpletimer.obj
c:\users\haro7\desktop\studycegui\cegui\cegui-0.8.7\cegui-0.8.7\build\cegui\src\ceguibase-0.dir\release\window.obj
c:\users\haro7\desktop\studycegui\cegui\cegui-0.8.7\cegui-0.8.7\build\cegui\src\ceguibase-0.dir\release\framewindow.obj
c:\users\haro7\desktop\studycegui\cegui\cegui-0.8.7\cegui-0.8.7\build\cegui\src\ceguibase-0.dir\release\layoutcontainer.obj
c:\users\haro7\desktop\studycegui\cegui\cegui-0.8.7\cegui-0.8.7\build\cegui\src\ceguibase-0.dir\release\menubar.obj
c:\users\haro7\desktop\studycegui\cegui\cegui-0.8.7\cegui-0.8.7\build\cegui\src\ceguibase-0.dir\release\scrollbar.obj
c:\users\haro7\desktop\studycegui\cegui\cegui-0.8.7\cegui-0.8.7\build\cegui\src\ceguibase-0.dir\release\thumb.obj
c:\users\haro7\desktop\studycegui\cegui\cegui-0.8.7\cegui-0.8.7\build\cegui\src\ceguibase-0.dir\release\componentbase.obj
c:\users\haro7\desktop\studycegui\cegui\cegui-0.8.7\cegui-0.8.7\build\cegui\src\ceguibase-0.dir\release\imagerysection.obj
c:\users\haro7\desktop\studycegui\cegui\cegui-0.8.7\cegui-0.8.7\build\cegui\src\ceguibase-0.dir\release\widgetlookfeel.obj
c:\users\haro7\desktop\studycegui\cegui\cegui-0.8.7\cegui-0.8.7\build\cegui\src\ceguibase-0.dir\release\base.obj
c:\users\haro7\desktop\studycegui\cegui\cegui-0.8.7\cegui-0.8.7\build\cegui\src\ceguibase-0.dir\release\bidivisualmapping.obj
c:\users\haro7\desktop\studycegui\cegui\cegui-0.8.7\cegui-0.8.7\build\cegui\src\ceguibase-0.dir\release\chainedxmlhandler.obj
c:\users\haro7\desktop\studycegui\cegui\cegui-0.8.7\cegui-0.8.7\build\cegui\src\ceguibase-0.dir\release\datacontainer.obj
c:\users\haro7\desktop\studycegui\cegui\cegui-0.8.7\cegui-0.8.7\build\cegui\src\ceguibase-0.dir\release\event.obj
c:\users\haro7\desktop\studycegui\cegui\cegui-0.8.7\cegui-0.8.7\build\cegui\src\ceguibase-0.dir\release\factorymodule.obj
c:\users\haro7\desktop\studycegui\cegui\cegui-0.8.7\cegui-0.8.7\build\cegui\src\ceguibase-0.dir\release\guicontext.obj
c:\users\haro7\desktop\studycegui\cegui\cegui-0.8.7\cegui-0.8.7\build\cegui\src\ceguibase-0.dir\release\mousecursor.obj
c:\users\haro7\desktop\studycegui\cegui\cegui-0.8.7\cegui-0.8.7\build\cegui\src\ceguibase-0.dir\release\quaternion.obj
c:\users\haro7\desktop\studycegui\cegui\cegui-0.8.7\cegui-0.8.7\build\cegui\src\ceguibase-0.dir\release\renderedstringimagecomponent.obj
c:\users\haro7\desktop\studycegui\cegui\cegui-0.8.7\cegui-0.8.7\build\cegui\src\ceguibase-0.dir\release\schememanager.obj
c:\users\haro7\desktop\studycegui\cegui\cegui-0.8.7\cegui-0.8.7\build\cegui\src\ceguibase-0.dir\release\textutils.obj
c:\users\haro7\desktop\studycegui\cegui\cegui-0.8.7\cegui-0.8.7\build\cegui\src\ceguibase-0.dir\release\windowfactorymanager.obj
c:\users\haro7\desktop\studycegui\cegui\cegui-0.8.7\cegui-0.8.7\build\cegui\src\ceguibase-0.dir\release\buttonbase.obj
c:\users\haro7\desktop\studycegui\cegui\cegui-0.8.7\cegui-0.8.7\build\cegui\src\ceguibase-0.dir\release\gridlayoutcontainer.obj
c:\users\haro7\desktop\studycegui\cegui\cegui-0.8.7\cegui-0.8.7\build\cegui\src\ceguibase-0.dir\release\listheader.obj
c:\users\haro7\desktop\studycegui\cegui\cegui-0.8.7\cegui-0.8.7\build\cegui\src\ceguibase-0.dir\release\multicolumnlist.obj
c:\users\haro7\desktop\studycegui\cegui\cegui-0.8.7\cegui-0.8.7\build\cegui\src\ceguibase-0.dir\release\scrolleditemlistbase.obj
c:\users\haro7\desktop\studycegui\cegui\cegui-0.8.7\cegui-0.8.7\build\cegui\src\ceguibase-0.dir\release\titlebar.obj
c:\users\haro7\desktop\studycegui\cegui\cegui-0.8.7\cegui-0.8.7\build\cegui\src\ceguibase-0.dir\release\dimensions.obj
c:\users\haro7\desktop\studycegui\cegui\cegui-0.8.7\cegui-0.8.7\build\cegui\src\ceguibase-0.dir\release\stateimagery.obj
c:\users\haro7\desktop\studycegui\cegui\cegui-0.8.7\cegui-0.8.7\build\cegui\src\ceguibase-0.dir\release\basicimage.obj
c:\users\haro7\desktop\studycegui\cegui\cegui-0.8.7\cegui-0.8.7\build\cegui\src\ceguibase-0.dir\release\centredrenderedstring.obj
c:\users\haro7\desktop\studycegui\cegui\cegui-0.8.7\cegui-0.8.7\build\cegui\src\ceguibase-0.dir\release\compositeresourceprovider.obj
c:\users\haro7\desktop\studycegui\cegui\cegui-0.8.7\cegui-0.8.7\build\cegui\src\ceguibase-0.dir\release\element.obj
c:\users\haro7\desktop\studycegui\cegui\cegui-0.8.7\cegui-0.8.7\build\cegui\src\ceguibase-0.dir\release\fontmanager.obj
c:\users\haro7\desktop\studycegui\cegui\cegui-0.8.7\cegui-0.8.7\build\cegui\src\ceguibase-0.dir\release\image.obj
c:\users\haro7\desktop\studycegui\cegui\cegui-0.8.7\cegui-0.8.7\build\cegui\src\ceguibase-0.dir\release\leftalignedrenderedstring.obj
c:\users\haro7\desktop\studycegui\cegui\cegui-0.8.7\cegui-0.8.7\build\cegui\src\ceguibase-0.dir\release\pcreregexmatcher.obj
c:\users\haro7\desktop\studycegui\cegui\cegui-0.8.7\cegui-0.8.7\build\cegui\src\ceguibase-0.dir\release\renderqueue.obj
c:\users\haro7\desktop\studycegui\cegui\cegui-0.8.7\cegui-0.8.7\build\cegui\src\ceguibase-0.dir\release\renderedstringwidgetcomponent.obj
c:\users\haro7\desktop\studycegui\cegui\cegui-0.8.7\cegui-0.8.7\build\cegui\src\ceguibase-0.dir\release\subscriberslot.obj
c:\users\haro7\desktop\studycegui\cegui\cegui-0.8.7\cegui-0.8.7\build\cegui\src\ceguibase-0.dir\release\win32stringtranscoder.obj
c:\users\haro7\desktop\studycegui\cegui\cegui-0.8.7\cegui-0.8.7\build\cegui\src\ceguibase-0.dir\release\windowrenderer.obj
c:\users\haro7\desktop\studycegui\cegui\cegui-0.8.7\cegui-0.8.7\build\cegui\src\ceguibase-0.dir\release\dragcontainer.obj
c:\users\haro7\desktop\studycegui\cegui\cegui-0.8.7\cegui-0.8.7\build\cegui\src\ceguibase-0.dir\release\itemlistbox.obj
c:\users\haro7\desktop\studycegui\cegui\cegui-0.8.7\cegui-0.8.7\build\cegui\src\ceguibase-0.dir\release\listboxtextitem.obj
c:\users\haro7\desktop\studycegui\cegui\cegui-0.8.7\cegui-0.8.7\build\cegui\src\ceguibase-0.dir\release\pushbutton.obj
c:\users\haro7\desktop\studycegui\cegui\cegui-0.8.7\cegui-0.8.7\build\cegui\src\ceguibase-0.dir\release\spinner.obj
c:\users\haro7\desktop\studycegui\cegui\cegui-0.8.7\cegui-0.8.7\build\cegui\src\ceguibase-0.dir\release\treeitem.obj
c:\users\haro7\desktop\studycegui\cegui\cegui-0.8.7\cegui-0.8.7\build\cegui\src\ceguibase-0.dir\release\imagerycomponent.obj
c:\users\haro7\desktop\studycegui\cegui\cegui-0.8.7\cegui-0.8.7\build\cegui\src\ceguibase-0.dir\release\textcomponent.obj
c:\users\haro7\desktop\studycegui\cegui\cegui-0.8.7\cegui-0.8.7\build\cegui\src\ceguibase-0.dir\release\animation_xmlhandler.obj
c:\users\haro7\desktop\studycegui\cegui\cegui-0.8.7\cegui-0.8.7\build\cegui\src\ceguibase-0.dir\release\boundslot.obj
c:\users\haro7\desktop\studycegui\cegui\cegui-0.8.7\cegui-0.8.7\build\cegui\src\ceguibase-0.dir\release\config_xmlhandler.obj
c:\users\haro7\desktop\studycegui\cegui\cegui-0.8.7\cegui-0.8.7\build\cegui\src\ceguibase-0.dir\release\imagemanager.obj
c:\users\haro7\desktop\studycegui\cegui\cegui-0.8.7\cegui-0.8.7\build\cegui\src\ceguibase-0.dir\release\propertyhelper.obj
c:\users\haro7\desktop\studycegui\cegui\cegui-0.8.7\cegui-0.8.7\build\cegui\src\ceguibase-0.dir\release\renderingwindow.obj
c:\users\haro7\desktop\studycegui\cegui\cegui-0.8.7\cegui-0.8.7\build\cegui\src\ceguibase-0.dir\release\string.obj
c:\users\haro7\desktop\studycegui\cegui\cegui-0.8.7\cegui-0.8.7\build\cegui\src\ceguibase-0.dir\release\windowfactory.obj
c:\users\haro7\desktop\studycegui\cegui\cegui-0.8.7\cegui-0.8.7\build\cegui\src\ceguibase-0.dir\release\xmlattributes.obj
c:\users\haro7\desktop\studycegui\cegui\cegui-0.8.7\cegui-0.8.7\build\cegui\src\ceguibase-0.dir\release\clippedcontainer.obj
c:\users\haro7\desktop\studycegui\cegui\cegui-0.8.7\cegui-0.8.7\build\cegui\src\ceguibase-0.dir\release\groupbox.obj
c:\users\haro7\desktop\studycegui\cegui\cegui-0.8.7\cegui-0.8.7\build\cegui\src\ceguibase-0.dir\release\listheadersegment.obj
c:\users\haro7\desktop\studycegui\cegui\cegui-0.8.7\cegui-0.8.7\build\cegui\src\ceguibase-0.dir\release\popupmenu.obj
c:\users\haro7\desktop\studycegui\cegui\cegui-0.8.7\cegui-0.8.7\build\cegui\src\ceguibase-0.dir\release\scrolledcontainer.obj
c:\users\haro7\desktop\studycegui\cegui\cegui-0.8.7\cegui-0.8.7\build\cegui\src\ceguibase-0.dir\release\togglebutton.obj
c:\users\haro7\desktop\studycegui\cegui\cegui-0.8.7\cegui-0.8.7\build\cegui\src\ceguibase-0.dir\release\eventlinkdefinition.obj
c:\users\haro7\desktop\studycegui\cegui\cegui-0.8.7\cegui-0.8.7\build\cegui\src\ceguibase-0.dir\release\propertyinitialiser.obj
c:\users\haro7\desktop\studycegui\cegui\cegui-0.8.7\cegui-0.8.7\build\cegui\src\ceguibase-0.dir\release\animationinstance.obj
c:\users\haro7\desktop\studycegui\cegui\cegui-0.8.7\cegui-0.8.7\build\cegui\src\ceguibase-0.dir\release\dynamicmodule.obj
c:\users\haro7\desktop\studycegui\cegui\cegui-0.8.7\cegui-0.8.7\build\cegui\src\ceguibase-0.dir\release\eventset.obj
c:\users\haro7\desktop\studycegui\cegui\cegui-0.8.7\cegui-0.8.7\build\cegui\src\ceguibase-0.dir\release\formattedrenderedstring.obj
c:\users\haro7\desktop\studycegui\cegui\cegui-0.8.7\cegui-0.8.7\build\cegui\src\ceguibase-0.dir\release\guilayout_xmlhandler.obj
c:\users\haro7\desktop\studycegui\cegui\cegui-0.8.7\cegui-0.8.7\build\cegui\src\ceguibase-0.dir\release\namedelement.obj
c:\users\haro7\desktop\studycegui\cegui\cegui-0.8.7\cegui-0.8.7\build\cegui\src\ceguibase-0.dir\release\rendereffectmanager.obj
c:\users\haro7\desktop\studycegui\cegui\cegui-0.8.7\cegui-0.8.7\build\cegui\src\ceguibase-0.dir\release\rightalignedrenderedstring.obj
c:\users\haro7\desktop\studycegui\cegui\cegui-0.8.7\cegui-0.8.7\build\cegui\src\ceguibase-0.dir\release\scriptmodule.obj
c:\users\haro7\desktop\studycegui\cegui\cegui-0.8.7\cegui-0.8.7\build\cegui\src\ceguibase-0.dir\release\systemkeys.obj
c:\users\haro7\desktop\studycegui\cegui\cegui-0.8.7\cegui-0.8.7\build\cegui\src\ceguibase-0.dir\release\windowmanager.obj
c:\users\haro7\desktop\studycegui\cegui\cegui-0.8.7\cegui-0.8.7\build\cegui\src\ceguibase-0.dir\release\xmlserializer.obj
c:\users\haro7\desktop\studycegui\cegui\cegui-0.8.7\cegui-0.8.7\build\cegui\src\ceguibase-0.dir\release\defaultwindow.obj
c:\users\haro7\desktop\studycegui\cegui\cegui-0.8.7\cegui-0.8.7\build\cegui\src\ceguibase-0.dir\release\itementry.obj
c:\users\haro7\desktop\studycegui\cegui\cegui-0.8.7\cegui-0.8.7\build\cegui\src\ceguibase-0.dir\release\listboxitem.obj
c:\users\haro7\desktop\studycegui\cegui\cegui-0.8.7\cegui-0.8.7\build\cegui\src\ceguibase-0.dir\release\multilineeditbox.obj
c:\users\haro7\desktop\studycegui\cegui\cegui-0.8.7\cegui-0.8.7\build\cegui\src\ceguibase-0.dir\release\sequentiallayoutcontainer.obj
c:\users\haro7\desktop\studycegui\cegui\cegui-0.8.7\cegui-0.8.7\build\cegui\src\ceguibase-0.dir\release\tooltip.obj
c:\users\haro7\desktop\studycegui\cegui\cegui-0.8.7\cegui-0.8.7\build\cegui\src\ceguibase-0.dir\release\formattingsetting.obj
c:\users\haro7\desktop\studycegui\cegui\cegui-0.8.7\cegui-0.8.7\build\cegui\src\ceguibase-0.dir\release\propertydefinitionbase.obj
c:\users\haro7\desktop\studycegui\cegui\cegui-0.8.7\cegui-0.8.7\build\cegui\src\ceguibase-0.dir\release\xmlenumhelper.obj
c:\users\haro7\desktop\studycegui\cegui\cegui-0.8.7\cegui-0.8.7\build\cegui\src\ceguibase-0.dir\release\basicrenderedstringparser.obj
c:\users\haro7\desktop\studycegui\cegui\cegui-0.8.7\cegui-0.8.7\build\cegui\src\ceguibase-0.dir\release\colourrect.obj
c:\users\haro7\desktop\studycegui\cegui\cegui-0.8.7\cegui-0.8.7\build\cegui\src\ceguibase-0.dir\release\defaultrenderedstringparser.obj
c:\users\haro7\desktop\studycegui\cegui\cegui-0.8.7\cegui-0.8.7\build\cegui\src\ceguibase-0.dir\release\eventargs.obj
c:\users\haro7\desktop\studycegui\cegui\cegui-0.8.7\cegui-0.8.7\build\cegui\src\ceguibase-0.dir\release\factoryregisterer.obj
c:\users\haro7\desktop\studycegui\cegui\cegui-0.8.7\cegui-0.8.7\build\cegui\src\ceguibase-0.dir\release\freetypefont.obj
c:\users\haro7\desktop\studycegui\cegui\cegui-0.8.7\cegui-0.8.7\build\cegui\src\ceguibase-0.dir\release\justifiedrenderedstringwordwrapper.obj
c:\users\haro7\desktop\studycegui\cegui\cegui-0.8.7\cegui-0.8.7\build\cegui\src\ceguibase-0.dir\release\namedxmlresourcemanager.obj
c:\users\haro7\desktop\studycegui\cegui\cegui-0.8.7\cegui-0.8.7\build\cegui\src\ceguibase-0.dir\release\rect.obj
c:\users\haro7\desktop\studycegui\cegui\cegui-0.8.7\cegui-0.8.7\build\cegui\src\ceguibase-0.dir\release\renderedstringcomponent.obj
c:\users\haro7\desktop\studycegui\cegui\cegui-0.8.7\cegui-0.8.7\build\cegui\src\ceguibase-0.dir\release\scheme.obj
c:\users\haro7\desktop\studycegui\cegui\cegui-0.8.7\cegui-0.8.7\build\cegui\src\ceguibase-0.dir\release\xmlparser.obj
c:\users\haro7\desktop\studycegui\cegui\cegui-0.8.7\cegui-0.8.7\build\cegui\src\ceguibase-0.dir\release\combobox.obj
c:\users\haro7\desktop\studycegui\cegui\cegui-0.8.7\cegui-0.8.7\build\cegui\src\ceguibase-0.dir\release\itemlistbase.obj
c:\users\haro7\desktop\studycegui\cegui\cegui-0.8.7\cegui-0.8.7\build\cegui\src\ceguibase-0.dir\release\menubase.obj
c:\users\haro7\desktop\studycegui\cegui\cegui-0.8.7\cegui-0.8.7\build\cegui\src\ceguibase-0.dir\release\radiobutton.obj
c:\users\haro7\desktop\studycegui\cegui\cegui-0.8.7\cegui-0.8.7\build\cegui\src\ceguibase-0.dir\release\tabbutton.obj
c:\users\haro7\desktop\studycegui\cegui\cegui-0.8.7\cegui-0.8.7\build\cegui\src\ceguibase-0.dir\release\verticallayoutcontainer.obj
c:\users\haro7\desktop\studycegui\cegui\cegui-0.8.7\cegui-0.8.7\build\cegui\src\ceguibase-0.dir\release\framecomponent.obj
c:\users\haro7\desktop\studycegui\cegui\cegui-0.8.7\cegui-0.8.7\build\cegui\src\ceguibase-0.dir\release\sectionspecification.obj
c:\users\haro7\desktop\studycegui\cegui\cegui-0.8.7\cegui-0.8.7\build\cegui\src\ceguibase-0.dir\release\animationmanager.obj
c:\users\haro7\desktop\studycegui\cegui\cegui-0.8.7\cegui-0.8.7\build\cegui\src\ceguibase-0.dir\release\coordconverter.obj
c:\users\haro7\desktop\studycegui\cegui\cegui-0.8.7\cegui-0.8.7\build\cegui\src\ceguibase-0.dir\release\font.obj
c:\users\haro7\desktop\studycegui\cegui\cegui-0.8.7\cegui-0.8.7\build\cegui\src\ceguibase-0.dir\release\globaleventset.obj
c:\users\haro7\desktop\studycegui\cegui\cegui-0.8.7\cegui-0.8.7\build\cegui\src\ceguibase-0.dir\release\keyframe.obj
c:\users\haro7\desktop\studycegui\cegui\cegui-0.8.7\cegui-0.8.7\build\cegui\src\ceguibase-0.dir\release\pixmapfont.obj
c:\users\haro7\desktop\studycegui\cegui\cegui-0.8.7\cegui-0.8.7\build\cegui\src\ceguibase-0.dir\release\renderedstring.obj
c:\users\haro7\desktop\studycegui\cegui\cegui-0.8.7\cegui-0.8.7\build\cegui\src\ceguibase-0.dir\release\scheme_xmlhandler.obj
c:\users\haro7\desktop\studycegui\cegui\cegui-0.8.7\cegui-0.8.7\build\cegui\src\ceguibase-0.dir\release\windowrenderermanager.obj
c:\users\haro7\desktop\studycegui\cegui\cegui-0.8.7\cegui-0.8.7\build\cegui\src\ceguibase-0.dir\release\combodroplist.obj
c:\users\haro7\desktop\studycegui\cegui\cegui-0.8.7\cegui-0.8.7\build\cegui\src\ceguibase-0.dir\release\horizontallayoutcontainer.obj
c:\users\haro7\desktop\studycegui\cegui\cegui-0.8.7\cegui-0.8.7\build\cegui\src\ceguibase-0.dir\release\listbox.obj
c:\users\haro7\desktop\studycegui\cegui\cegui-0.8.7\cegui-0.8.7\build\cegui\src\ceguibase-0.dir\release\progressbar.obj
c:\users\haro7\desktop\studycegui\cegui\cegui-0.8.7\cegui-0.8.7\build\cegui\src\ceguibase-0.dir\release\slider.obj
c:\users\haro7\desktop\studycegui\cegui\cegui-0.8.7\cegui-0.8.7\build\cegui\src\ceguibase-0.dir\release\tree.obj
c:\users\haro7\desktop\studycegui\cegui\cegui-0.8.7\cegui-0.8.7\build\cegui\src\ceguibase-0.dir\release\layerspecification.obj
c:\users\haro7\desktop\studycegui\cegui\cegui-0.8.7\cegui-0.8.7\build\cegui\src\ceguibase-0.dir\release\widgetcomponent.obj
c:\users\haro7\desktop\studycegui\cegui\cegui-0.8.7\cegui-0.8.7\build\cegui\src\ceguibase-0.dir\release\affector.obj
c:\users\haro7\desktop\studycegui\cegui\cegui-0.8.7\cegui-0.8.7\build\cegui\src\ceguibase-0.dir\release\clipboard.obj
c:\users\haro7\desktop\studycegui\cegui\cegui-0.8.7\cegui-0.8.7\build\cegui\src\ceguibase-0.dir\release\defaultresourceprovider.obj
c:\users\haro7\desktop\studycegui\cegui\cegui-0.8.7\cegui-0.8.7\build\cegui\src\ceguibase-0.dir\release\font_xmlhandler.obj
c:\users\haro7\desktop\studycegui\cegui\cegui-0.8.7\cegui-0.8.7\build\cegui\src\ceguibase-0.dir\release\imagecodec.obj
c:\users\haro7\desktop\studycegui\cegui\cegui-0.8.7\cegui-0.8.7\build\cegui\src\ceguibase-0.dir\release\linkedevent.obj
c:\users\haro7\desktop\studycegui\cegui\cegui-0.8.7\cegui-0.8.7\build\cegui\src\ceguibase-0.dir\release\propertyset.obj
c:\users\haro7\desktop\studycegui\cegui\cegui-0.8.7\cegui-0.8.7\build\cegui\src\ceguibase-0.dir\release\renderedstringtextcomponent.obj
c:\users\haro7\desktop\studycegui\cegui\cegui-0.8.7\cegui-0.8.7\build\cegui\src\ceguibase-0.dir\release\system.obj
c:\users\haro7\desktop\studycegui\cegui\cegui-0.8.7\cegui-0.8.7\build\cegui\src\ceguibase-0.dir\release\editbox.obj
c:\users\haro7\desktop\studycegui\cegui\cegui-0.8.7\cegui-0.8.7\build\cegui\src\ceguibase-0.dir\release\layoutcell.obj
c:\users\haro7\desktop\studycegui\cegui\cegui-0.8.7\cegui-0.8.7\build\cegui\src\ceguibase-0.dir\release\menuitem.obj
c:\users\haro7\desktop\studycegui\cegui\cegui-0.8.7\cegui-0.8.7\build\cegui\src\ceguibase-0.dir\release\scrollablepane.obj
c:\users\haro7\desktop\studycegui\cegui\cegui-0.8.7\cegui-0.8.7\build\cegui\src\ceguibase-0.dir\release\tabcontrol.obj
c:\users\haro7\desktop\studycegui\cegui\cegui-0.8.7\cegui-0.8.7\build\cegui\src\ceguibase-0.dir\release\eventaction.obj
c:\users\haro7\desktop\studycegui\cegui\cegui-0.8.7\cegui-0.8.7\build\cegui\src\ceguibase-0.dir\release\namedarea.obj
c:\users\haro7\desktop\studycegui\cegui\cegui-0.8.7\cegui-0.8.7\build\cegui\src\ceguibase-0.dir\release\widgetlookmanager.obj
c:\users\haro7\desktop\studycegui\cegui\cegui-0.8.7\cegui-0.8.7\build\cegui\src\ceguibase-0.dir\release\xmlhandler.cpp.obj
c:\users\haro7\desktop\studycegui\cegui\cegui-0.8.7\cegui-0.8.7\build\cegui\src\ceguibase-0.dir\release\falagard\xmlhandler.cpp.obj
c:\users\haro7\desktop\studycegui\cegui\cegui-0.8.7\cegui-0.8.7\build\cegui\src\cmakefiles\generate.stamp
c:\users\haro7\desktop\studycegui\cegui\cegui-0.8.7\cegui-0.8.7\build\bin\ceguibase-0.dll
c:\users\haro7\desktop\studycegui\cegui\cegui-0.8.7\cegui-0.8.7\build\cegui\src\ceguibase-0.dir\release\ceguibase-0.tlog\ceguibase-0.write.1u.tlog
c:\users\haro7\desktop\studycegui\cegui\cegui-0.8.7\cegui-0.8.7\build\cegui\src\ceguibase-0.dir\release\ceguibase-0.tlog\cl.command.1.tlog
c:\users\haro7\desktop\studycegui\cegui\cegui-0.8.7\cegui-0.8.7\build\cegui\src\ceguibase-0.dir\release\ceguibase-0.tlog\cl.read.1.tlog
c:\users\haro7\desktop\studycegui\cegui\cegui-0.8.7\cegui-0.8.7\build\cegui\src\ceguibase-0.dir\release\ceguibase-0.tlog\cl.write.1.tlog
c:\users\haro7\desktop\studycegui\cegui\cegui-0.8.7\cegui-0.8.7\build\cegui\src\ceguibase-0.dir\release\ceguibase-0.tlog\custombuild.command.1.tlog
c:\users\haro7\desktop\studycegui\cegui\cegui-0.8.7\cegui-0.8.7\build\cegui\src\ceguibase-0.dir\release\ceguibase-0.tlog\custombuild.read.1.tlog
c:\users\haro7\desktop\studycegui\cegui\cegui-0.8.7\cegui-0.8.7\build\cegui\src\ceguibase-0.dir\release\ceguibase-0.tlog\custombuild.write.1.tlog
c:\users\haro7\desktop\studycegui\cegui\cegui-0.8.7\cegui-0.8.7\build\cegui\src\ceguibase-0.dir\release\ceguibase-0.tlog\link.command.1.tlog
c:\users\haro7\desktop\studycegui\cegui\cegui-0.8.7\cegui-0.8.7\build\cegui\src\ceguibase-0.dir\release\ceguibase-0.tlog\link.read.1.tlog
c:\users\haro7\desktop\studycegui\cegui\cegui-0.8.7\cegui-0.8.7\build\cegui\src\ceguibase-0.dir\release\ceguibase-0.tlog\link.write.1.tlog
