c:\users\haro7\desktop\studycegui\cegui\cegui-0.8.7\cegui-0.8.7\build\samples_framework\ceguisampleframework-0.8.dir\release\ceguibaseapplication.obj
c:\users\haro7\desktop\studycegui\cegui\cegui-0.8.7\cegui-0.8.7\build\samples_framework\ceguisampleframework-0.8.dir\release\ceguiopengl3baseapplication.obj
c:\users\haro7\desktop\studycegui\cegui\cegui-0.8.7\cegui-0.8.7\build\samples_framework\ceguisampleframework-0.8.dir\release\metadatawindowmanager.obj
c:\users\haro7\desktop\studycegui\cegui\cegui-0.8.7\cegui-0.8.7\build\samples_framework\ceguisampleframework-0.8.dir\release\ceguiglfwsharedbase.obj
c:\users\haro7\desktop\studycegui\cegui\cegui-0.8.7\cegui-0.8.7\build\samples_framework\ceguisampleframework-0.8.dir\release\samplesframeworkbase.obj
c:\users\haro7\desktop\studycegui\cegui\cegui-0.8.7\cegui-0.8.7\build\samples_framework\ceguisampleframework-0.8.dir\release\devicereset_direct3d9.obj
c:\users\haro7\desktop\studycegui\cegui\cegui-0.8.7\cegui-0.8.7\build\samples_framework\ceguisampleframework-0.8.dir\release\samplesbrowsermanager.obj
c:\users\haro7\desktop\studycegui\cegui\cegui-0.8.7\cegui-0.8.7\build\samples_framework\ceguisampleframework-0.8.dir\release\ceguid3d9baseapplication.obj
c:\users\haro7\desktop\studycegui\cegui\cegui-0.8.7\cegui-0.8.7\build\samples_framework\ceguisampleframework-0.8.dir\release\samplesframework.obj
c:\users\haro7\desktop\studycegui\cegui\cegui-0.8.7\cegui-0.8.7\build\samples_framework\ceguisampleframework-0.8.dir\release\sampledata.obj
c:\users\haro7\desktop\studycegui\cegui\cegui-0.8.7\cegui-0.8.7\build\samples_framework\ceguisampleframework-0.8.dir\release\ceguiglfw2sharedbase.obj
c:\users\haro7\desktop\studycegui\cegui\cegui-0.8.7\cegui-0.8.7\build\samples_framework\ceguisampleframework-0.8.dir\release\ceguirendererselector.obj
c:\users\haro7\desktop\studycegui\cegui\cegui-0.8.7\cegui-0.8.7\build\samples_framework\ceguisampleframework-0.8.dir\release\win32apphelper.obj
c:\users\haro7\desktop\studycegui\cegui\cegui-0.8.7\cegui-0.8.7\build\samples_framework\ceguisampleframework-0.8.dir\release\samples_xmlhandler.obj
c:\users\haro7\desktop\studycegui\cegui\cegui-0.8.7\cegui-0.8.7\build\samples_framework\ceguisampleframework-0.8.dir\release\win32ceguirendererselector.obj
c:\users\haro7\desktop\studycegui\cegui\cegui-0.8.7\cegui-0.8.7\build\samples_framework\ceguisampleframework-0.8.dir\release\ceguiopenglbaseapplication.obj
c:\users\haro7\desktop\studycegui\cegui\cegui-0.8.7\cegui-0.8.7\build\samples_framework\cmakefiles\generate.stamp
c:\users\haro7\desktop\studycegui\cegui\cegui-0.8.7\cegui-0.8.7\build\samples_framework\ceguisampleframework-0.8.dir\release\ceguisampleframework-0.8.vcxprojresolveassemblyreference.cache
c:\users\haro7\desktop\studycegui\cegui\cegui-0.8.7\cegui-0.8.7\build\samples_framework\ceguisampleframework-0.8.dir\release\ceguisam.e0d0c349.tlog\cl.command.1.tlog
c:\users\haro7\desktop\studycegui\cegui\cegui-0.8.7\cegui-0.8.7\build\samples_framework\ceguisampleframework-0.8.dir\release\ceguisam.e0d0c349.tlog\cl.read.1.tlog
c:\users\haro7\desktop\studycegui\cegui\cegui-0.8.7\cegui-0.8.7\build\samples_framework\ceguisampleframework-0.8.dir\release\ceguisam.e0d0c349.tlog\cl.write.1.tlog
c:\users\haro7\desktop\studycegui\cegui\cegui-0.8.7\cegui-0.8.7\build\samples_framework\ceguisampleframework-0.8.dir\release\ceguisam.e0d0c349.tlog\custombuild.command.1.tlog
c:\users\haro7\desktop\studycegui\cegui\cegui-0.8.7\cegui-0.8.7\build\samples_framework\ceguisampleframework-0.8.dir\release\ceguisam.e0d0c349.tlog\custombuild.read.1.tlog
c:\users\haro7\desktop\studycegui\cegui\cegui-0.8.7\cegui-0.8.7\build\samples_framework\ceguisampleframework-0.8.dir\release\ceguisam.e0d0c349.tlog\custombuild.write.1.tlog
c:\users\haro7\desktop\studycegui\cegui\cegui-0.8.7\cegui-0.8.7\build\samples_framework\ceguisampleframework-0.8.dir\release\ceguisam.e0d0c349.tlog\link.command.1.tlog
c:\users\haro7\desktop\studycegui\cegui\cegui-0.8.7\cegui-0.8.7\build\samples_framework\ceguisampleframework-0.8.dir\release\ceguisam.e0d0c349.tlog\link.read.1.tlog
c:\users\haro7\desktop\studycegui\cegui\cegui-0.8.7\cegui-0.8.7\build\samples_framework\ceguisampleframework-0.8.dir\release\ceguisam.e0d0c349.tlog\link.write.1.tlog
