  Building Custom Rule C:/Users/haro7/Desktop/StudyCEGUI/CEGUI/cegui-0.8.7/cegui-0.8.7/cegui/src/WindowRendererSets/Core/CMakeLists.txt
  CMake does not need to re-run because C:\Users\haro7\Desktop\StudyCEGUI\CEGUI\cegui-0.8.7\cegui-0.8.7\build\cegui\src\WindowRendererSets\Core\CMakeFiles\generate.stamp is up-to-date.
  Button.cpp
  Default.cpp
  Editbox.cpp
  FrameWindow.cpp
  ItemEntry.cpp
  ItemListbox.cpp
  ListHeader.cpp
  ListHeaderSegment.cpp
  Listbox.cpp
  MenuItem.cpp
  Menubar.cpp
  Module.cpp
  MultiColumnList.cpp
  MultiLineEditbox.cpp
  PopupMenu.cpp
  ProgressBar.cpp
  ScrollablePane.cpp
  Scrollbar.cpp
  Slider.cpp
  Static.cpp
  StaticImage.cpp
  StaticText.cpp
  TabButton.cpp
  TabControl.cpp
  Titlebar.cpp
  ToggleButton.cpp
  Tooltip.cpp
  Tree.cpp
     C:/Users/haro7/Desktop/StudyCEGUI/CEGUI/cegui-0.8.7/cegui-0.8.7/build/lib/CEGUICoreWindowRendererSet.lib 라이브러리 및 C:/Users/haro7/Desktop/StudyCEGUI/CEGUI/cegui-0.8.7/cegui-0.8.7/build/lib/CEGUICoreWindowRendererSet.exp 개체를 생성하고 있습니다.
  CEGUICoreWindowRendererSet.vcxproj -> C:\Users\haro7\Desktop\StudyCEGUI\CEGUI\cegui-0.8.7\cegui-0.8.7\build\bin\CEGUICoreWindowRendererSet.dll
