c:\users\haro7\desktop\studycegui\cegui\cegui-0.8.7\cegui-0.8.7\build\lib\ceguicorewindowrendererset.lib
c:\users\haro7\desktop\studycegui\cegui\cegui-0.8.7\cegui-0.8.7\build\lib\ceguicorewindowrendererset.exp
c:\users\haro7\desktop\studycegui\cegui\cegui-0.8.7\cegui-0.8.7\build\cegui\src\windowrenderersets\core\ceguicorewindowrendererset.dir\release\itementry.obj
c:\users\haro7\desktop\studycegui\cegui\cegui-0.8.7\cegui-0.8.7\build\cegui\src\windowrenderersets\core\ceguicorewindowrendererset.dir\release\listbox.obj
c:\users\haro7\desktop\studycegui\cegui\cegui-0.8.7\cegui-0.8.7\build\cegui\src\windowrenderersets\core\ceguicorewindowrendererset.dir\release\scrollablepane.obj
c:\users\haro7\desktop\studycegui\cegui\cegui-0.8.7\cegui-0.8.7\build\cegui\src\windowrenderersets\core\ceguicorewindowrendererset.dir\release\togglebutton.obj
c:\users\haro7\desktop\studycegui\cegui\cegui-0.8.7\cegui-0.8.7\build\cegui\src\windowrenderersets\core\ceguicorewindowrendererset.dir\release\listheadersegment.obj
c:\users\haro7\desktop\studycegui\cegui\cegui-0.8.7\cegui-0.8.7\build\cegui\src\windowrenderersets\core\ceguicorewindowrendererset.dir\release\multilineeditbox.obj
c:\users\haro7\desktop\studycegui\cegui\cegui-0.8.7\cegui-0.8.7\build\cegui\src\windowrenderersets\core\ceguicorewindowrendererset.dir\release\static.obj
c:\users\haro7\desktop\studycegui\cegui\cegui-0.8.7\cegui-0.8.7\build\cegui\src\windowrenderersets\core\ceguicorewindowrendererset.dir\release\tree.obj
c:\users\haro7\desktop\studycegui\cegui\cegui-0.8.7\cegui-0.8.7\build\cegui\src\windowrenderersets\core\ceguicorewindowrendererset.dir\release\framewindow.obj
c:\users\haro7\desktop\studycegui\cegui\cegui-0.8.7\cegui-0.8.7\build\cegui\src\windowrenderersets\core\ceguicorewindowrendererset.dir\release\multicolumnlist.obj
c:\users\haro7\desktop\studycegui\cegui\cegui-0.8.7\cegui-0.8.7\build\cegui\src\windowrenderersets\core\ceguicorewindowrendererset.dir\release\staticimage.obj
c:\users\haro7\desktop\studycegui\cegui\cegui-0.8.7\cegui-0.8.7\build\cegui\src\windowrenderersets\core\ceguicorewindowrendererset.dir\release\default.obj
c:\users\haro7\desktop\studycegui\cegui\cegui-0.8.7\cegui-0.8.7\build\cegui\src\windowrenderersets\core\ceguicorewindowrendererset.dir\release\menuitem.obj
c:\users\haro7\desktop\studycegui\cegui\cegui-0.8.7\cegui-0.8.7\build\cegui\src\windowrenderersets\core\ceguicorewindowrendererset.dir\release\scrollbar.obj
c:\users\haro7\desktop\studycegui\cegui\cegui-0.8.7\cegui-0.8.7\build\cegui\src\windowrenderersets\core\ceguicorewindowrendererset.dir\release\titlebar.obj
c:\users\haro7\desktop\studycegui\cegui\cegui-0.8.7\cegui-0.8.7\build\cegui\src\windowrenderersets\core\ceguicorewindowrendererset.dir\release\listheader.obj
c:\users\haro7\desktop\studycegui\cegui\cegui-0.8.7\cegui-0.8.7\build\cegui\src\windowrenderersets\core\ceguicorewindowrendererset.dir\release\menubar.obj
c:\users\haro7\desktop\studycegui\cegui\cegui-0.8.7\cegui-0.8.7\build\cegui\src\windowrenderersets\core\ceguicorewindowrendererset.dir\release\slider.obj
c:\users\haro7\desktop\studycegui\cegui\cegui-0.8.7\cegui-0.8.7\build\cegui\src\windowrenderersets\core\ceguicorewindowrendererset.dir\release\tooltip.obj
c:\users\haro7\desktop\studycegui\cegui\cegui-0.8.7\cegui-0.8.7\build\cegui\src\windowrenderersets\core\ceguicorewindowrendererset.dir\release\button.obj
c:\users\haro7\desktop\studycegui\cegui\cegui-0.8.7\cegui-0.8.7\build\cegui\src\windowrenderersets\core\ceguicorewindowrendererset.dir\release\module.obj
c:\users\haro7\desktop\studycegui\cegui\cegui-0.8.7\cegui-0.8.7\build\cegui\src\windowrenderersets\core\ceguicorewindowrendererset.dir\release\tabbutton.obj
c:\users\haro7\desktop\studycegui\cegui\cegui-0.8.7\cegui-0.8.7\build\cegui\src\windowrenderersets\core\ceguicorewindowrendererset.dir\release\itemlistbox.obj
c:\users\haro7\desktop\studycegui\cegui\cegui-0.8.7\cegui-0.8.7\build\cegui\src\windowrenderersets\core\ceguicorewindowrendererset.dir\release\popupmenu.obj
c:\users\haro7\desktop\studycegui\cegui\cegui-0.8.7\cegui-0.8.7\build\cegui\src\windowrenderersets\core\ceguicorewindowrendererset.dir\release\statictext.obj
c:\users\haro7\desktop\studycegui\cegui\cegui-0.8.7\cegui-0.8.7\build\cegui\src\windowrenderersets\core\ceguicorewindowrendererset.dir\release\editbox.obj
c:\users\haro7\desktop\studycegui\cegui\cegui-0.8.7\cegui-0.8.7\build\cegui\src\windowrenderersets\core\ceguicorewindowrendererset.dir\release\progressbar.obj
c:\users\haro7\desktop\studycegui\cegui\cegui-0.8.7\cegui-0.8.7\build\cegui\src\windowrenderersets\core\ceguicorewindowrendererset.dir\release\tabcontrol.obj
c:\users\haro7\desktop\studycegui\cegui\cegui-0.8.7\cegui-0.8.7\build\cegui\src\windowrenderersets\core\cmakefiles\generate.stamp
c:\users\haro7\desktop\studycegui\cegui\cegui-0.8.7\cegui-0.8.7\build\bin\ceguicorewindowrendererset.dll
c:\users\haro7\desktop\studycegui\cegui\cegui-0.8.7\cegui-0.8.7\build\cegui\src\windowrenderersets\core\ceguicorewindowrendererset.dir\release\ceguicorewindowrendererset.vcxprojresolveassemblyreference.cache
c:\users\haro7\desktop\studycegui\cegui\cegui-0.8.7\cegui-0.8.7\build\cegui\src\windowrenderersets\core\ceguicorewindowrendererset.dir\release\ceguicor.4499ac08.tlog\ceguicorewindowrendererset.write.1u.tlog
c:\users\haro7\desktop\studycegui\cegui\cegui-0.8.7\cegui-0.8.7\build\cegui\src\windowrenderersets\core\ceguicorewindowrendererset.dir\release\ceguicor.4499ac08.tlog\cl.command.1.tlog
c:\users\haro7\desktop\studycegui\cegui\cegui-0.8.7\cegui-0.8.7\build\cegui\src\windowrenderersets\core\ceguicorewindowrendererset.dir\release\ceguicor.4499ac08.tlog\cl.read.1.tlog
c:\users\haro7\desktop\studycegui\cegui\cegui-0.8.7\cegui-0.8.7\build\cegui\src\windowrenderersets\core\ceguicorewindowrendererset.dir\release\ceguicor.4499ac08.tlog\cl.write.1.tlog
c:\users\haro7\desktop\studycegui\cegui\cegui-0.8.7\cegui-0.8.7\build\cegui\src\windowrenderersets\core\ceguicorewindowrendererset.dir\release\ceguicor.4499ac08.tlog\custombuild.command.1.tlog
c:\users\haro7\desktop\studycegui\cegui\cegui-0.8.7\cegui-0.8.7\build\cegui\src\windowrenderersets\core\ceguicorewindowrendererset.dir\release\ceguicor.4499ac08.tlog\custombuild.read.1.tlog
c:\users\haro7\desktop\studycegui\cegui\cegui-0.8.7\cegui-0.8.7\build\cegui\src\windowrenderersets\core\ceguicorewindowrendererset.dir\release\ceguicor.4499ac08.tlog\custombuild.write.1.tlog
c:\users\haro7\desktop\studycegui\cegui\cegui-0.8.7\cegui-0.8.7\build\cegui\src\windowrenderersets\core\ceguicorewindowrendererset.dir\release\ceguicor.4499ac08.tlog\link.command.1.tlog
c:\users\haro7\desktop\studycegui\cegui\cegui-0.8.7\cegui-0.8.7\build\cegui\src\windowrenderersets\core\ceguicorewindowrendererset.dir\release\ceguicor.4499ac08.tlog\link.read.1.tlog
c:\users\haro7\desktop\studycegui\cegui\cegui-0.8.7\cegui-0.8.7\build\cegui\src\windowrenderersets\core\ceguicorewindowrendererset.dir\release\ceguicor.4499ac08.tlog\link.write.1.tlog
