  Building Custom Rule C:/Users/haro7/Desktop/StudyCEGUI/CEGUI/cegui-deps-0.8.x-src/cegui-cegui-dependencies-0ecdf3a9e49b/src/glfw-2.7.2/CEGUI-BUILD/CMakeLists.txt
  CMake does not need to re-run because C:\Users\haro7\Desktop\StudyCEGUI\CEGUI\cegui-deps-0.8.x-src\cegui-cegui-dependencies-0ecdf3a9e49b\build\src\glfw-2.7.2\CEGUI-BUILD\CMakeFiles\generate.stamp is up-to-date.
  enable.c
  fullscreen.c
  glext.c
  image.c
  init.c
  input.c
  joystick.c
  stream.c
C:\Users\haro7\Desktop\StudyCEGUI\CEGUI\cegui-deps-0.8.x-src\cegui-cegui-dependencies-0ecdf3a9e49b\src\glfw-2.7.2\lib\stream.c(31): warning C4005: '_CRT_SECURE_NO_WARNINGS': 매크로 재정의
  C:\Users\haro7\Desktop\StudyCEGUI\CEGUI\cegui-deps-0.8.x-src\cegui-cegui-dependencies-0ecdf3a9e49b\src\glfw-2.7.2\lib\stream.c(31): note: 명령줄 인수: '_CRT_SECURE_NO_WARNINGS'의 이전 정의를 참조하십시오.
  tga.c
  thread.c
  time.c
  window.c
  win32_dllmain.c
  win32_enable.c
  win32_fullscreen.c
  win32_glext.c
  win32_init.c
C:\Users\haro7\Desktop\StudyCEGUI\CEGUI\cegui-deps-0.8.x-src\cegui-cegui-dependencies-0ecdf3a9e49b\src\glfw-2.7.2\lib\win32\win32_init.c(237): warning C4996: 'GetVersionExA': deprecated로 선언되었습니다.
  C:\Program Files (x86)\Windows Kits\8.1\Include\um\sysinfoapi.h(433): note: 'GetVersionExA' 선언을 참조하십시오.
  win32_joystick.c
  win32_thread.c
  win32_time.c
  코드를 생성하고 있습니다...
  컴파일하고 있습니다...
  win32_window.c
  코드를 생성하고 있습니다...
     C:/Users/haro7/Desktop/StudyCEGUI/CEGUI/cegui-deps-0.8.x-src/cegui-cegui-dependencies-0ecdf3a9e49b/build/dependencies/lib/dynamic/glfw_d.lib 라이브러리 및 C:/Users/haro7/Desktop/StudyCEGUI/CEGUI/cegui-deps-0.8.x-src/cegui-cegui-dependencies-0ecdf3a9e49b/build/dependencies/lib/dynamic/glfw_d.exp 개체를 생성하고 있습니다.
  glfw.vcxproj -> C:\Users\haro7\Desktop\StudyCEGUI\CEGUI\cegui-deps-0.8.x-src\cegui-cegui-dependencies-0ecdf3a9e49b\build\dependencies\bin\glfw_d.dll
  glfw.vcxproj -> C:/Users/haro7/Desktop/StudyCEGUI/CEGUI/cegui-deps-0.8.x-src/cegui-cegui-dependencies-0ecdf3a9e49b/build/dependencies/bin/glfw_d.pdb (Full PDB)
