c:\users\haro7\desktop\studycegui\cegui\cegui-0.8.7\cegui-0.8.7\build\lib\ceguidirect3d9renderer-0.lib
c:\users\haro7\desktop\studycegui\cegui\cegui-0.8.7\cegui-0.8.7\build\lib\ceguidirect3d9renderer-0.exp
c:\users\haro7\desktop\studycegui\cegui\cegui-0.8.7\cegui-0.8.7\build\cegui\src\renderermodules\direct3d9\ceguidirect3d9renderer-0.dir\release\texturetarget.obj
c:\users\haro7\desktop\studycegui\cegui\cegui-0.8.7\cegui-0.8.7\build\cegui\src\renderermodules\direct3d9\ceguidirect3d9renderer-0.dir\release\viewporttarget.obj
c:\users\haro7\desktop\studycegui\cegui\cegui-0.8.7\cegui-0.8.7\build\cegui\src\renderermodules\direct3d9\ceguidirect3d9renderer-0.dir\release\renderer.obj
c:\users\haro7\desktop\studycegui\cegui\cegui-0.8.7\cegui-0.8.7\build\cegui\src\renderermodules\direct3d9\ceguidirect3d9renderer-0.dir\release\geometrybuffer.obj
c:\users\haro7\desktop\studycegui\cegui\cegui-0.8.7\cegui-0.8.7\build\cegui\src\renderermodules\direct3d9\ceguidirect3d9renderer-0.dir\release\texture.obj
c:\users\haro7\desktop\studycegui\cegui\cegui-0.8.7\cegui-0.8.7\build\cegui\src\renderermodules\direct3d9\cmakefiles\generate.stamp
c:\users\haro7\desktop\studycegui\cegui\cegui-0.8.7\cegui-0.8.7\build\bin\ceguidirect3d9renderer-0.dll
c:\users\haro7\desktop\studycegui\cegui\cegui-0.8.7\cegui-0.8.7\build\cegui\src\renderermodules\direct3d9\ceguidirect3d9renderer-0.dir\release\ceguidirect3d9renderer-0.vcxprojresolveassemblyreference.cache
c:\users\haro7\desktop\studycegui\cegui\cegui-0.8.7\cegui-0.8.7\build\cegui\src\renderermodules\direct3d9\ceguidirect3d9renderer-0.dir\release\ceguidir.2f01d489.tlog\ceguidirect3d9renderer-0.write.1u.tlog
c:\users\haro7\desktop\studycegui\cegui\cegui-0.8.7\cegui-0.8.7\build\cegui\src\renderermodules\direct3d9\ceguidirect3d9renderer-0.dir\release\ceguidir.2f01d489.tlog\cl.command.1.tlog
c:\users\haro7\desktop\studycegui\cegui\cegui-0.8.7\cegui-0.8.7\build\cegui\src\renderermodules\direct3d9\ceguidirect3d9renderer-0.dir\release\ceguidir.2f01d489.tlog\cl.read.1.tlog
c:\users\haro7\desktop\studycegui\cegui\cegui-0.8.7\cegui-0.8.7\build\cegui\src\renderermodules\direct3d9\ceguidirect3d9renderer-0.dir\release\ceguidir.2f01d489.tlog\cl.write.1.tlog
c:\users\haro7\desktop\studycegui\cegui\cegui-0.8.7\cegui-0.8.7\build\cegui\src\renderermodules\direct3d9\ceguidirect3d9renderer-0.dir\release\ceguidir.2f01d489.tlog\custombuild.command.1.tlog
c:\users\haro7\desktop\studycegui\cegui\cegui-0.8.7\cegui-0.8.7\build\cegui\src\renderermodules\direct3d9\ceguidirect3d9renderer-0.dir\release\ceguidir.2f01d489.tlog\custombuild.read.1.tlog
c:\users\haro7\desktop\studycegui\cegui\cegui-0.8.7\cegui-0.8.7\build\cegui\src\renderermodules\direct3d9\ceguidirect3d9renderer-0.dir\release\ceguidir.2f01d489.tlog\custombuild.write.1.tlog
c:\users\haro7\desktop\studycegui\cegui\cegui-0.8.7\cegui-0.8.7\build\cegui\src\renderermodules\direct3d9\ceguidirect3d9renderer-0.dir\release\ceguidir.2f01d489.tlog\link.command.1.tlog
c:\users\haro7\desktop\studycegui\cegui\cegui-0.8.7\cegui-0.8.7\build\cegui\src\renderermodules\direct3d9\ceguidirect3d9renderer-0.dir\release\ceguidir.2f01d489.tlog\link.read.1.tlog
c:\users\haro7\desktop\studycegui\cegui\cegui-0.8.7\cegui-0.8.7\build\cegui\src\renderermodules\direct3d9\ceguidirect3d9renderer-0.dir\release\ceguidir.2f01d489.tlog\link.write.1.tlog
