  Building Custom Rule C:/Users/haro7/Desktop/StudyCEGUI/CEGUI/cegui-deps-0.8.x-src/cegui-cegui-dependencies-0ecdf3a9e49b/src/pcre-8.12/CEGUI-BUILD/CMakeLists.txt
  CMake does not need to re-run because C:\Users\haro7\Desktop\StudyCEGUI\CEGUI\cegui-deps-0.8.x-src\cegui-cegui-dependencies-0ecdf3a9e49b\build\src\pcre-8.12\CEGUI-BUILD\CMakeFiles\generate.stamp is up-to-date.
  Generating ../pcre_chartables.c
  pcre_compile.c
  pcre_config.c
  pcre_dfa_exec.c
  pcre_exec.c
  pcre_fullinfo.c
  pcre_get.c
  pcre_globals.c
  pcre_info.c
  pcre_maketables.c
  pcre_newline.c
  pcre_ord2utf8.c
  pcre_refcount.c
  pcre_study.c
  pcre_tables.c
  pcre_try_flipped.c
  pcre_ucd.c
  pcre_valid_utf8.c
  pcre_version.c
  pcre_xclass.c
  pcre_chartables.c
  코드를 생성하고 있습니다...
     C:/Users/haro7/Desktop/StudyCEGUI/CEGUI/cegui-deps-0.8.x-src/cegui-cegui-dependencies-0ecdf3a9e49b/build/dependencies/lib/dynamic/pcre_d.lib 라이브러리 및 C:/Users/haro7/Desktop/StudyCEGUI/CEGUI/cegui-deps-0.8.x-src/cegui-cegui-dependencies-0ecdf3a9e49b/build/dependencies/lib/dynamic/pcre_d.exp 개체를 생성하고 있습니다.
  pcre.vcxproj -> C:\Users\haro7\Desktop\StudyCEGUI\CEGUI\cegui-deps-0.8.x-src\cegui-cegui-dependencies-0ecdf3a9e49b\build\dependencies\bin\pcre_d.dll
  pcre.vcxproj -> C:/Users/haro7/Desktop/StudyCEGUI/CEGUI/cegui-deps-0.8.x-src/cegui-cegui-dependencies-0ecdf3a9e49b/build/dependencies/bin/pcre_d.pdb (Full PDB)
