c:\users\haro7\desktop\studycegui\cegui\cegui-0.8.7\cegui-0.8.7\build\cmakefiles\generate.stamp
c:\users\haro7\desktop\studycegui\cegui\cegui-0.8.7\cegui-0.8.7\build\cegui\src\cmakefiles\generate.stamp
c:\users\haro7\desktop\studycegui\cegui\cegui-0.8.7\cegui-0.8.7\build\cegui\src\renderermodules\cmakefiles\generate.stamp
c:\users\haro7\desktop\studycegui\cegui\cegui-0.8.7\cegui-0.8.7\build\cegui\src\renderermodules\opengl\cmakefiles\generate.stamp
c:\users\haro7\desktop\studycegui\cegui\cegui-0.8.7\cegui-0.8.7\build\cegui\src\renderermodules\direct3d9\cmakefiles\generate.stamp
c:\users\haro7\desktop\studycegui\cegui\cegui-0.8.7\cegui-0.8.7\build\cegui\src\xmlparsermodules\cmakefiles\generate.stamp
c:\users\haro7\desktop\studycegui\cegui\cegui-0.8.7\cegui-0.8.7\build\cegui\src\xmlparsermodules\expat\cmakefiles\generate.stamp
c:\users\haro7\desktop\studycegui\cegui\cegui-0.8.7\cegui-0.8.7\build\cegui\src\imagecodecmodules\cmakefiles\generate.stamp
c:\users\haro7\desktop\studycegui\cegui\cegui-0.8.7\cegui-0.8.7\build\cegui\src\imagecodecmodules\silly\cmakefiles\generate.stamp
c:\users\haro7\desktop\studycegui\cegui\cegui-0.8.7\cegui-0.8.7\build\cegui\src\windowrenderersets\cmakefiles\generate.stamp
c:\users\haro7\desktop\studycegui\cegui\cegui-0.8.7\cegui-0.8.7\build\cegui\src\windowrenderersets\core\cmakefiles\generate.stamp
c:\users\haro7\desktop\studycegui\cegui\cegui-0.8.7\cegui-0.8.7\build\cegui\src\scriptmodules\cmakefiles\generate.stamp
c:\users\haro7\desktop\studycegui\cegui\cegui-0.8.7\cegui-0.8.7\build\cegui\src\commondialogs\cmakefiles\generate.stamp
c:\users\haro7\desktop\studycegui\cegui\cegui-0.8.7\cegui-0.8.7\build\samples_framework\cmakefiles\generate.stamp
c:\users\haro7\desktop\studycegui\cegui\cegui-0.8.7\cegui-0.8.7\build\samples\cmakefiles\generate.stamp
c:\users\haro7\desktop\studycegui\cegui\cegui-0.8.7\cegui-0.8.7\build\samples\helloworld\cmakefiles\generate.stamp
c:\users\haro7\desktop\studycegui\cegui\cegui-0.8.7\cegui-0.8.7\build\samples\looknfeeloverview\cmakefiles\generate.stamp
c:\users\haro7\desktop\studycegui\cegui\cegui-0.8.7\cegui-0.8.7\build\samples\gamemenu\cmakefiles\generate.stamp
c:\users\haro7\desktop\studycegui\cegui\cegui-0.8.7\cegui-0.8.7\build\samples\huddemo\cmakefiles\generate.stamp
c:\users\haro7\desktop\studycegui\cegui\cegui-0.8.7\cegui-0.8.7\build\samples\dragdropdemo\cmakefiles\generate.stamp
c:\users\haro7\desktop\studycegui\cegui\cegui-0.8.7\cegui-0.8.7\build\samples\inventorydemo\cmakefiles\generate.stamp
c:\users\haro7\desktop\studycegui\cegui\cegui-0.8.7\cegui-0.8.7\build\samples\effectsdemo\cmakefiles\generate.stamp
c:\users\haro7\desktop\studycegui\cegui\cegui-0.8.7\cegui-0.8.7\build\samples\fontdemo\cmakefiles\generate.stamp
c:\users\haro7\desktop\studycegui\cegui\cegui-0.8.7\cegui-0.8.7\build\samples\demo6\cmakefiles\generate.stamp
c:\users\haro7\desktop\studycegui\cegui\cegui-0.8.7\cegui-0.8.7\build\samples\editboxvalidationdemo\cmakefiles\generate.stamp
c:\users\haro7\desktop\studycegui\cegui\cegui-0.8.7\cegui-0.8.7\build\samples\minesweeper\cmakefiles\generate.stamp
c:\users\haro7\desktop\studycegui\cegui\cegui-0.8.7\cegui-0.8.7\build\samples\scrollablepanedemo\cmakefiles\generate.stamp
c:\users\haro7\desktop\studycegui\cegui\cegui-0.8.7\cegui-0.8.7\build\samples\tabcontroldemo\cmakefiles\generate.stamp
c:\users\haro7\desktop\studycegui\cegui\cegui-0.8.7\cegui-0.8.7\build\samples\commondialogsdemo\cmakefiles\generate.stamp
c:\users\haro7\desktop\studycegui\cegui\cegui-0.8.7\cegui-0.8.7\build\samples\widgetdemo\cmakefiles\generate.stamp
c:\users\haro7\desktop\studycegui\cegui\cegui-0.8.7\cegui-0.8.7\build\samples\textdemo\cmakefiles\generate.stamp
c:\users\haro7\desktop\studycegui\cegui\cegui-0.8.7\cegui-0.8.7\build\samples\treedemo\cmakefiles\generate.stamp
c:\users\haro7\desktop\studycegui\cegui\cegui-0.8.7\cegui-0.8.7\build\application_templates\cmakefiles\generate.stamp
c:\users\haro7\desktop\studycegui\cegui\cegui-0.8.7\cegui-0.8.7\build\datafiles\cmakefiles\generate.stamp
c:\users\haro7\desktop\studycegui\cegui\cegui-0.8.7\cegui-0.8.7\build\win32\release\zero_check\zero_check.tlog\custombuild.command.1.tlog
c:\users\haro7\desktop\studycegui\cegui\cegui-0.8.7\cegui-0.8.7\build\win32\release\zero_check\zero_check.tlog\custombuild.read.1.tlog
c:\users\haro7\desktop\studycegui\cegui\cegui-0.8.7\cegui-0.8.7\build\win32\release\zero_check\zero_check.tlog\custombuild.write.1.tlog
