c:\users\haro7\desktop\studycegui\cegui\cegui-0.8.7\cegui-0.8.7\build\lib\ceguiinventorydemo.lib
c:\users\haro7\desktop\studycegui\cegui\cegui-0.8.7\cegui-0.8.7\build\lib\ceguiinventorydemo.exp
c:\users\haro7\desktop\studycegui\cegui\cegui-0.8.7\cegui-0.8.7\build\samples\inventorydemo\ceguiinventorydemo.dir\release\sample_inventorydemo.obj
c:\users\haro7\desktop\studycegui\cegui\cegui-0.8.7\cegui-0.8.7\build\samples\inventorydemo\ceguiinventorydemo.dir\release\inventorybase.obj
c:\users\haro7\desktop\studycegui\cegui\cegui-0.8.7\cegui-0.8.7\build\samples\inventorydemo\ceguiinventorydemo.dir\release\boolarray2d.obj
c:\users\haro7\desktop\studycegui\cegui\cegui-0.8.7\cegui-0.8.7\build\samples\inventorydemo\ceguiinventorydemo.dir\release\inventoryitemrenderer.obj
c:\users\haro7\desktop\studycegui\cegui\cegui-0.8.7\cegui-0.8.7\build\samples\inventorydemo\ceguiinventorydemo.dir\release\inventoryitem.obj
c:\users\haro7\desktop\studycegui\cegui\cegui-0.8.7\cegui-0.8.7\build\samples\inventorydemo\ceguiinventorydemo.dir\release\inventoryreceiver.obj
c:\users\haro7\desktop\studycegui\cegui\cegui-0.8.7\cegui-0.8.7\build\samples\inventorydemo\cmakefiles\generate.stamp
c:\users\haro7\desktop\studycegui\cegui\cegui-0.8.7\cegui-0.8.7\build\bin\ceguiinventorydemo.dll
c:\users\haro7\desktop\studycegui\cegui\cegui-0.8.7\cegui-0.8.7\build\samples\inventorydemo\ceguiinventorydemo.dir\release\ceguiinventorydemo.vcxprojresolveassemblyreference.cache
c:\users\haro7\desktop\studycegui\cegui\cegui-0.8.7\cegui-0.8.7\build\samples\inventorydemo\ceguiinventorydemo.dir\release\ceguiinv.f4a7192d.tlog\ceguiinventorydemo.write.1u.tlog
c:\users\haro7\desktop\studycegui\cegui\cegui-0.8.7\cegui-0.8.7\build\samples\inventorydemo\ceguiinventorydemo.dir\release\ceguiinv.f4a7192d.tlog\cl.command.1.tlog
c:\users\haro7\desktop\studycegui\cegui\cegui-0.8.7\cegui-0.8.7\build\samples\inventorydemo\ceguiinventorydemo.dir\release\ceguiinv.f4a7192d.tlog\cl.read.1.tlog
c:\users\haro7\desktop\studycegui\cegui\cegui-0.8.7\cegui-0.8.7\build\samples\inventorydemo\ceguiinventorydemo.dir\release\ceguiinv.f4a7192d.tlog\cl.write.1.tlog
c:\users\haro7\desktop\studycegui\cegui\cegui-0.8.7\cegui-0.8.7\build\samples\inventorydemo\ceguiinventorydemo.dir\release\ceguiinv.f4a7192d.tlog\custombuild.command.1.tlog
c:\users\haro7\desktop\studycegui\cegui\cegui-0.8.7\cegui-0.8.7\build\samples\inventorydemo\ceguiinventorydemo.dir\release\ceguiinv.f4a7192d.tlog\custombuild.read.1.tlog
c:\users\haro7\desktop\studycegui\cegui\cegui-0.8.7\cegui-0.8.7\build\samples\inventorydemo\ceguiinventorydemo.dir\release\ceguiinv.f4a7192d.tlog\custombuild.write.1.tlog
c:\users\haro7\desktop\studycegui\cegui\cegui-0.8.7\cegui-0.8.7\build\samples\inventorydemo\ceguiinventorydemo.dir\release\ceguiinv.f4a7192d.tlog\link.command.1.tlog
c:\users\haro7\desktop\studycegui\cegui\cegui-0.8.7\cegui-0.8.7\build\samples\inventorydemo\ceguiinventorydemo.dir\release\ceguiinv.f4a7192d.tlog\link.read.1.tlog
c:\users\haro7\desktop\studycegui\cegui\cegui-0.8.7\cegui-0.8.7\build\samples\inventorydemo\ceguiinventorydemo.dir\release\ceguiinv.f4a7192d.tlog\link.write.1.tlog
