c:\users\haro7\desktop\studycegui\cegui\cegui-0.8.7\cegui-0.8.7\build\lib\ceguicommondialogs-0.lib
c:\users\haro7\desktop\studycegui\cegui\cegui-0.8.7\cegui-0.8.7\build\lib\ceguicommondialogs-0.exp
c:\users\haro7\desktop\studycegui\cegui\cegui-0.8.7\cegui-0.8.7\build\cegui\src\commondialogs\ceguicommondialogs-0.dir\release\conversions.obj
c:\users\haro7\desktop\studycegui\cegui\cegui-0.8.7\cegui-0.8.7\build\cegui\src\commondialogs\ceguicommondialogs-0.dir\release\controls.obj
c:\users\haro7\desktop\studycegui\cegui\cegui-0.8.7\cegui-0.8.7\build\cegui\src\commondialogs\ceguicommondialogs-0.dir\release\colourpicker.obj
c:\users\haro7\desktop\studycegui\cegui\cegui-0.8.7\cegui-0.8.7\build\cegui\src\commondialogs\ceguicommondialogs-0.dir\release\types.obj
c:\users\haro7\desktop\studycegui\cegui\cegui-0.8.7\cegui-0.8.7\build\cegui\src\commondialogs\ceguicommondialogs-0.dir\release\module.obj
c:\users\haro7\desktop\studycegui\cegui\cegui-0.8.7\cegui-0.8.7\build\cegui\src\commondialogs\cmakefiles\generate.stamp
c:\users\haro7\desktop\studycegui\cegui\cegui-0.8.7\cegui-0.8.7\build\bin\ceguicommondialogs-0.dll
c:\users\haro7\desktop\studycegui\cegui\cegui-0.8.7\cegui-0.8.7\build\cegui\src\commondialogs\ceguicommondialogs-0.dir\release\ceguicommondialogs-0.vcxprojresolveassemblyreference.cache
c:\users\haro7\desktop\studycegui\cegui\cegui-0.8.7\cegui-0.8.7\build\cegui\src\commondialogs\ceguicommondialogs-0.dir\release\ceguicom.341cb1b6.tlog\ceguicommondialogs-0.write.1u.tlog
c:\users\haro7\desktop\studycegui\cegui\cegui-0.8.7\cegui-0.8.7\build\cegui\src\commondialogs\ceguicommondialogs-0.dir\release\ceguicom.341cb1b6.tlog\cl.command.1.tlog
c:\users\haro7\desktop\studycegui\cegui\cegui-0.8.7\cegui-0.8.7\build\cegui\src\commondialogs\ceguicommondialogs-0.dir\release\ceguicom.341cb1b6.tlog\cl.read.1.tlog
c:\users\haro7\desktop\studycegui\cegui\cegui-0.8.7\cegui-0.8.7\build\cegui\src\commondialogs\ceguicommondialogs-0.dir\release\ceguicom.341cb1b6.tlog\cl.write.1.tlog
c:\users\haro7\desktop\studycegui\cegui\cegui-0.8.7\cegui-0.8.7\build\cegui\src\commondialogs\ceguicommondialogs-0.dir\release\ceguicom.341cb1b6.tlog\custombuild.command.1.tlog
c:\users\haro7\desktop\studycegui\cegui\cegui-0.8.7\cegui-0.8.7\build\cegui\src\commondialogs\ceguicommondialogs-0.dir\release\ceguicom.341cb1b6.tlog\custombuild.read.1.tlog
c:\users\haro7\desktop\studycegui\cegui\cegui-0.8.7\cegui-0.8.7\build\cegui\src\commondialogs\ceguicommondialogs-0.dir\release\ceguicom.341cb1b6.tlog\custombuild.write.1.tlog
c:\users\haro7\desktop\studycegui\cegui\cegui-0.8.7\cegui-0.8.7\build\cegui\src\commondialogs\ceguicommondialogs-0.dir\release\ceguicom.341cb1b6.tlog\link.command.1.tlog
c:\users\haro7\desktop\studycegui\cegui\cegui-0.8.7\cegui-0.8.7\build\cegui\src\commondialogs\ceguicommondialogs-0.dir\release\ceguicom.341cb1b6.tlog\link.read.1.tlog
c:\users\haro7\desktop\studycegui\cegui\cegui-0.8.7\cegui-0.8.7\build\cegui\src\commondialogs\ceguicommondialogs-0.dir\release\ceguicom.341cb1b6.tlog\link.write.1.tlog
