c:\users\haro7\desktop\studycegui\cegui\cegui-0.8.7\cegui-0.8.7\build\lib\ceguiopenglrenderer-0.lib
c:\users\haro7\desktop\studycegui\cegui\cegui-0.8.7\cegui-0.8.7\build\lib\ceguiopenglrenderer-0.exp
c:\users\haro7\desktop\studycegui\cegui\cegui-0.8.7\cegui-0.8.7\build\cegui\src\renderermodules\opengl\ceguiopenglrenderer-0.dir\release\gl3renderer.obj
c:\users\haro7\desktop\studycegui\cegui\cegui-0.8.7\cegui-0.8.7\build\cegui\src\renderermodules\opengl\ceguiopenglrenderer-0.dir\release\texture.obj
c:\users\haro7\desktop\studycegui\cegui\cegui-0.8.7\cegui-0.8.7\build\cegui\src\renderermodules\opengl\ceguiopenglrenderer-0.dir\release\gl.obj
c:\users\haro7\desktop\studycegui\cegui\cegui-0.8.7\cegui-0.8.7\build\cegui\src\renderermodules\opengl\ceguiopenglrenderer-0.dir\release\rendererbase.obj
c:\users\haro7\desktop\studycegui\cegui\cegui-0.8.7\cegui-0.8.7\build\cegui\src\renderermodules\opengl\ceguiopenglrenderer-0.dir\release\gl3fbotexturetarget.obj
c:\users\haro7\desktop\studycegui\cegui\cegui-0.8.7\cegui-0.8.7\build\cegui\src\renderermodules\opengl\ceguiopenglrenderer-0.dir\release\shadermanager.obj
c:\users\haro7\desktop\studycegui\cegui\cegui-0.8.7\cegui-0.8.7\build\cegui\src\renderermodules\opengl\ceguiopenglrenderer-0.dir\release\gl3geometrybuffer.obj
c:\users\haro7\desktop\studycegui\cegui\cegui-0.8.7\cegui-0.8.7\build\cegui\src\renderermodules\opengl\ceguiopenglrenderer-0.dir\release\texturetarget.obj
c:\users\haro7\desktop\studycegui\cegui\cegui-0.8.7\cegui-0.8.7\build\cegui\src\renderermodules\opengl\ceguiopenglrenderer-0.dir\release\glrenderer.obj
c:\users\haro7\desktop\studycegui\cegui\cegui-0.8.7\cegui-0.8.7\build\cegui\src\renderermodules\opengl\ceguiopenglrenderer-0.dir\release\viewporttarget.obj
c:\users\haro7\desktop\studycegui\cegui\cegui-0.8.7\cegui-0.8.7\build\cegui\src\renderermodules\opengl\ceguiopenglrenderer-0.dir\release\geometrybufferbase.obj
c:\users\haro7\desktop\studycegui\cegui\cegui-0.8.7\cegui-0.8.7\build\cegui\src\renderermodules\opengl\ceguiopenglrenderer-0.dir\release\wglpbtexturetarget.obj
c:\users\haro7\desktop\studycegui\cegui\cegui-0.8.7\cegui-0.8.7\build\cegui\src\renderermodules\opengl\ceguiopenglrenderer-0.dir\release\glfbotexturetarget.obj
c:\users\haro7\desktop\studycegui\cegui\cegui-0.8.7\cegui-0.8.7\build\cegui\src\renderermodules\opengl\ceguiopenglrenderer-0.dir\release\shader.obj
c:\users\haro7\desktop\studycegui\cegui\cegui-0.8.7\cegui-0.8.7\build\cegui\src\renderermodules\opengl\ceguiopenglrenderer-0.dir\release\glgeometrybuffer.obj
c:\users\haro7\desktop\studycegui\cegui\cegui-0.8.7\cegui-0.8.7\build\cegui\src\renderermodules\opengl\ceguiopenglrenderer-0.dir\release\statechangewrapper.obj
c:\users\haro7\desktop\studycegui\cegui\cegui-0.8.7\cegui-0.8.7\build\cegui\src\renderermodules\opengl\cmakefiles\generate.stamp
c:\users\haro7\desktop\studycegui\cegui\cegui-0.8.7\cegui-0.8.7\build\bin\ceguiopenglrenderer-0.dll
c:\users\haro7\desktop\studycegui\cegui\cegui-0.8.7\cegui-0.8.7\build\cegui\src\renderermodules\opengl\ceguiopenglrenderer-0.dir\release\ceguiopenglrenderer-0.vcxprojresolveassemblyreference.cache
c:\users\haro7\desktop\studycegui\cegui\cegui-0.8.7\cegui-0.8.7\build\cegui\src\renderermodules\opengl\ceguiopenglrenderer-0.dir\release\ceguiope.dbcff838.tlog\ceguiopenglrenderer-0.write.1u.tlog
c:\users\haro7\desktop\studycegui\cegui\cegui-0.8.7\cegui-0.8.7\build\cegui\src\renderermodules\opengl\ceguiopenglrenderer-0.dir\release\ceguiope.dbcff838.tlog\cl.command.1.tlog
c:\users\haro7\desktop\studycegui\cegui\cegui-0.8.7\cegui-0.8.7\build\cegui\src\renderermodules\opengl\ceguiopenglrenderer-0.dir\release\ceguiope.dbcff838.tlog\cl.read.1.tlog
c:\users\haro7\desktop\studycegui\cegui\cegui-0.8.7\cegui-0.8.7\build\cegui\src\renderermodules\opengl\ceguiopenglrenderer-0.dir\release\ceguiope.dbcff838.tlog\cl.write.1.tlog
c:\users\haro7\desktop\studycegui\cegui\cegui-0.8.7\cegui-0.8.7\build\cegui\src\renderermodules\opengl\ceguiopenglrenderer-0.dir\release\ceguiope.dbcff838.tlog\custombuild.command.1.tlog
c:\users\haro7\desktop\studycegui\cegui\cegui-0.8.7\cegui-0.8.7\build\cegui\src\renderermodules\opengl\ceguiopenglrenderer-0.dir\release\ceguiope.dbcff838.tlog\custombuild.read.1.tlog
c:\users\haro7\desktop\studycegui\cegui\cegui-0.8.7\cegui-0.8.7\build\cegui\src\renderermodules\opengl\ceguiopenglrenderer-0.dir\release\ceguiope.dbcff838.tlog\custombuild.write.1.tlog
c:\users\haro7\desktop\studycegui\cegui\cegui-0.8.7\cegui-0.8.7\build\cegui\src\renderermodules\opengl\ceguiopenglrenderer-0.dir\release\ceguiope.dbcff838.tlog\link.command.1.tlog
c:\users\haro7\desktop\studycegui\cegui\cegui-0.8.7\cegui-0.8.7\build\cegui\src\renderermodules\opengl\ceguiopenglrenderer-0.dir\release\ceguiope.dbcff838.tlog\link.read.1.tlog
c:\users\haro7\desktop\studycegui\cegui\cegui-0.8.7\cegui-0.8.7\build\cegui\src\renderermodules\opengl\ceguiopenglrenderer-0.dir\release\ceguiope.dbcff838.tlog\link.write.1.tlog
