22/11/2016 01:14:02 (Std) 	+-+-+-+-+-+-+-+-+-+-+-+-+-+-+-+-+-+-+-+-+-+-+-+-+-+-+-+-+-+-+-+-+-+-+-+-+-+-+-+
22/11/2016 01:14:02 (Std) 	+                     Crazy Eddie's GUI System - Event log                    +
22/11/2016 01:14:02 (Std) 	+                          (http://www.cegui.org.uk/)                         +
22/11/2016 01:14:02 (Std) 	+-+-+-+-+-+-+-+-+-+-+-+-+-+-+-+-+-+-+-+-+-+-+-+-+-+-+-+-+-+-+-+-+-+-+-+-+-+-+-+

22/11/2016 01:14:02 (Std) 	CEGUI::Logger singleton created. (0750F7F0)
22/11/2016 01:14:02 (Std) 	
22/11/2016 01:14:02 (Std) 	********************************************************************************
22/11/2016 01:14:02 (Std) 	* Important:                                                                   *
22/11/2016 01:14:02 (Std) 	*     To get support at the CEGUI forums, you must post _at least_ the section *
22/11/2016 01:14:02 (Std) 	*     of this log file indicated below.  Failure to do this will result in no  *
22/11/2016 01:14:02 (Std) 	*     support being given; please do not waste our time.                       *
22/11/2016 01:14:02 (Std) 	********************************************************************************
22/11/2016 01:14:02 (Std) 	********************************************************************************
22/11/2016 01:14:02 (Std) 	* -------- START OF ESSENTIAL SECTION TO BE POSTED ON THE FORUM       -------- *
22/11/2016 01:14:02 (Std) 	********************************************************************************
22/11/2016 01:14:02 (Std) 	---- Version: 0.8.7 (Build: Nov 21 2016 Debug Microsoft Windows MSVC++ 14.0 (2015) 32 bit) ----
22/11/2016 01:14:02 (Std) 	---- Renderer module is: CEGUI::Direct3D9Renderer - Official Direct3D 9 based 2nd generation renderer module. ----
22/11/2016 01:14:02 (Std) 	---- XML Parser module is: CEGUI::ExpatParser - Official expat based parser module for CEGUI ----
22/11/2016 01:14:02 (Std) 	---- Image Codec module is: SILLYImageCodec - Official SILLY based image codec ----
22/11/2016 01:14:02 (Std) 	---- Scripting module is: None ----
22/11/2016 01:14:02 (Std) 	********************************************************************************
22/11/2016 01:14:02 (Std) 	* -------- END OF ESSENTIAL SECTION TO BE POSTED ON THE FORUM         -------- *
22/11/2016 01:14:02 (Std) 	********************************************************************************
22/11/2016 01:14:02 (Std) 	
22/11/2016 01:14:02 (Std) 	---- Begining CEGUI System initialisation ----
22/11/2016 01:14:02 (Std) 	[CEGUI::ImageManager] Singleton created (00CE7608)
22/11/2016 01:14:02 (Std) 	[CEGUI::ImageManager] Registered Image type: BasicImage
22/11/2016 01:14:02 (Std) 	CEGUI::FontManager singleton created. (07512720)
22/11/2016 01:14:02 (Std) 	CEGUI::WindowFactoryManager singleton created
22/11/2016 01:14:02 (Std) 	CEGUI::WindowManager singleton created (033E2E78)
22/11/2016 01:14:02 (Std) 	CEGUI::SchemeManager singleton created. (075118F8)
22/11/2016 01:14:02 (Std) 	CEGUI::GlobalEventSet singleton created. (07514428)
22/11/2016 01:14:02 (Std) 	CEGUI::AnimationManager singleton created (075120F8)
22/11/2016 01:14:02 (Std) 	CEGUI::WidgetLookManager singleton created. (0340D978)
22/11/2016 01:14:02 (Std) 	CEGUI::WindowRendererManager singleton created (0340D7F8)
22/11/2016 01:14:02 (Std) 	CEGUI::RenderEffectManager singleton created (07514308)
22/11/2016 01:14:02 (Std) 	Created WindowFactory for 'DefaultWindow' windows.
22/11/2016 01:14:02 (Std) 	WindowFactory for 'DefaultWindow' windows added. (075178B0)
22/11/2016 01:14:02 (Std) 	Created WindowFactory for 'DragContainer' windows.
22/11/2016 01:14:02 (Std) 	WindowFactory for 'DragContainer' windows added. (07518468)
22/11/2016 01:14:02 (Std) 	Created WindowFactory for 'ScrolledContainer' windows.
22/11/2016 01:14:02 (Std) 	WindowFactory for 'ScrolledContainer' windows added. (07517BD0)
22/11/2016 01:14:02 (Std) 	Created WindowFactory for 'ClippedContainer' windows.
22/11/2016 01:14:02 (Std) 	WindowFactory for 'ClippedContainer' windows added. (075183A0)
22/11/2016 01:14:02 (Std) 	Created WindowFactory for 'CEGUI/PushButton' windows.
22/11/2016 01:14:02 (Std) 	WindowFactory for 'CEGUI/PushButton' windows added. (07517C98)
22/11/2016 01:14:02 (Std) 	Created WindowFactory for 'CEGUI/RadioButton' windows.
22/11/2016 01:14:02 (Std) 	WindowFactory for 'CEGUI/RadioButton' windows added. (07517D60)
22/11/2016 01:14:02 (Std) 	Created WindowFactory for 'CEGUI/Combobox' windows.
22/11/2016 01:14:02 (Std) 	WindowFactory for 'CEGUI/Combobox' windows added. (07518080)
22/11/2016 01:14:02 (Std) 	Created WindowFactory for 'CEGUI/ComboDropList' windows.
22/11/2016 01:14:02 (Std) 	WindowFactory for 'CEGUI/ComboDropList' windows added. (07518210)
22/11/2016 01:14:02 (Std) 	Created WindowFactory for 'CEGUI/Editbox' windows.
22/11/2016 01:14:02 (Std) 	WindowFactory for 'CEGUI/Editbox' windows added. (075182D8)
22/11/2016 01:14:02 (Std) 	Created WindowFactory for 'CEGUI/FrameWindow' windows.
22/11/2016 01:14:02 (Std) 	WindowFactory for 'CEGUI/FrameWindow' windows added. (07517590)
22/11/2016 01:14:02 (Std) 	Created WindowFactory for 'CEGUI/ItemEntry' windows.
22/11/2016 01:14:02 (Std) 	WindowFactory for 'CEGUI/ItemEntry' windows added. (07517658)
22/11/2016 01:14:02 (Std) 	Created WindowFactory for 'CEGUI/Listbox' windows.
22/11/2016 01:14:02 (Std) 	WindowFactory for 'CEGUI/Listbox' windows added. (07517720)
22/11/2016 01:14:02 (Std) 	Created WindowFactory for 'CEGUI/ListHeader' windows.
22/11/2016 01:14:02 (Std) 	WindowFactory for 'CEGUI/ListHeader' windows added. (075177E8)
22/11/2016 01:14:02 (Std) 	Created WindowFactory for 'CEGUI/ListHeaderSegment' windows.
22/11/2016 01:14:02 (Std) 	WindowFactory for 'CEGUI/ListHeaderSegment' windows added. (07517E28)
22/11/2016 01:14:02 (Std) 	Created WindowFactory for 'CEGUI/Menubar' windows.
22/11/2016 01:14:02 (Std) 	WindowFactory for 'CEGUI/Menubar' windows added. (07517978)
22/11/2016 01:14:02 (Std) 	Created WindowFactory for 'CEGUI/PopupMenu' windows.
22/11/2016 01:14:02 (Std) 	WindowFactory for 'CEGUI/PopupMenu' windows added. (07517A40)
22/11/2016 01:14:02 (Std) 	Created WindowFactory for 'CEGUI/MenuItem' windows.
22/11/2016 01:14:02 (Std) 	WindowFactory for 'CEGUI/MenuItem' windows added. (07517B08)
22/11/2016 01:14:02 (Std) 	Created WindowFactory for 'CEGUI/MultiColumnList' windows.
22/11/2016 01:14:02 (Std) 	WindowFactory for 'CEGUI/MultiColumnList' windows added. (0751E810)
22/11/2016 01:14:02 (Std) 	Created WindowFactory for 'CEGUI/MultiLineEditbox' windows.
22/11/2016 01:14:02 (Std) 	WindowFactory for 'CEGUI/MultiLineEditbox' windows added. (0751E428)
22/11/2016 01:14:02 (Std) 	Created WindowFactory for 'CEGUI/ProgressBar' windows.
22/11/2016 01:14:02 (Std) 	WindowFactory for 'CEGUI/ProgressBar' windows added. (0751E9A0)
22/11/2016 01:14:02 (Std) 	Created WindowFactory for 'CEGUI/ScrollablePane' windows.
22/11/2016 01:14:02 (Std) 	WindowFactory for 'CEGUI/ScrollablePane' windows added. (0751E680)
22/11/2016 01:14:02 (Std) 	Created WindowFactory for 'CEGUI/Scrollbar' windows.
22/11/2016 01:14:02 (Std) 	WindowFactory for 'CEGUI/Scrollbar' windows added. (0751E040)
22/11/2016 01:14:02 (Std) 	Created WindowFactory for 'CEGUI/Slider' windows.
22/11/2016 01:14:02 (Std) 	WindowFactory for 'CEGUI/Slider' windows added. (0751DF78)
22/11/2016 01:14:02 (Std) 	Created WindowFactory for 'CEGUI/Spinner' windows.
22/11/2016 01:14:02 (Std) 	WindowFactory for 'CEGUI/Spinner' windows added. (0751E748)
22/11/2016 01:14:02 (Std) 	Created WindowFactory for 'CEGUI/TabButton' windows.
22/11/2016 01:14:02 (Std) 	WindowFactory for 'CEGUI/TabButton' windows added. (0751E298)
22/11/2016 01:14:02 (Std) 	Created WindowFactory for 'CEGUI/TabControl' windows.
22/11/2016 01:14:02 (Std) 	WindowFactory for 'CEGUI/TabControl' windows added. (0751E108)
22/11/2016 01:14:02 (Std) 	Created WindowFactory for 'CEGUI/Thumb' windows.
22/11/2016 01:14:02 (Std) 	WindowFactory for 'CEGUI/Thumb' windows added. (0751E4F0)
22/11/2016 01:14:02 (Std) 	Created WindowFactory for 'CEGUI/Titlebar' windows.
22/11/2016 01:14:02 (Std) 	WindowFactory for 'CEGUI/Titlebar' windows added. (0751E1D0)
22/11/2016 01:14:02 (Std) 	Created WindowFactory for 'CEGUI/ToggleButton' windows.
22/11/2016 01:14:02 (Std) 	WindowFactory for 'CEGUI/ToggleButton' windows added. (0751EA68)
22/11/2016 01:14:02 (Std) 	Created WindowFactory for 'CEGUI/Tooltip' windows.
22/11/2016 01:14:02 (Std) 	WindowFactory for 'CEGUI/Tooltip' windows added. (0751EB30)
22/11/2016 01:14:02 (Std) 	Created WindowFactory for 'CEGUI/ItemListbox' windows.
22/11/2016 01:14:02 (Std) 	WindowFactory for 'CEGUI/ItemListbox' windows added. (0751EBF8)
22/11/2016 01:14:02 (Std) 	Created WindowFactory for 'CEGUI/GroupBox' windows.
22/11/2016 01:14:02 (Std) 	WindowFactory for 'CEGUI/GroupBox' windows added. (0751E8D8)
22/11/2016 01:14:02 (Std) 	Created WindowFactory for 'CEGUI/Tree' windows.
22/11/2016 01:14:02 (Std) 	WindowFactory for 'CEGUI/Tree' windows added. (0751E5B8)
22/11/2016 01:14:02 (Std) 	Created WindowFactory for 'LayoutCell' windows.
22/11/2016 01:14:02 (Std) 	WindowFactory for 'LayoutCell' windows added. (0751ECC0)
22/11/2016 01:14:02 (Std) 	Created WindowFactory for 'HorizontalLayoutContainer' windows.
22/11/2016 01:14:02 (Std) 	WindowFactory for 'HorizontalLayoutContainer' windows added. (0751DEB0)
22/11/2016 01:14:02 (Std) 	Created WindowFactory for 'VerticalLayoutContainer' windows.
22/11/2016 01:14:02 (Std) 	WindowFactory for 'VerticalLayoutContainer' windows added. (0751E360)
22/11/2016 01:14:02 (Std) 	Created WindowFactory for 'GridLayoutContainer' windows.
22/11/2016 01:14:02 (Std) 	WindowFactory for 'GridLayoutContainer' windows added. (0751ED88)
22/11/2016 01:14:02 (Std) 	CEGUI::System singleton created. (0750F510)
22/11/2016 01:14:02 (Std) 	---- CEGUI System initialisation completed ----
22/11/2016 01:14:02 (Std) 	
22/11/2016 01:14:02 (Std) 	Started creation of Scheme from XML specification:
22/11/2016 01:14:02 (Std) 	---- CEGUI GUIScheme name: TaharezLook
22/11/2016 01:14:02 (Std) 	[ImageManager] Started creation of Imageset from XML specification:
22/11/2016 01:14:02 (Std) 	[ImageManager] ---- CEGUI Imageset name: TaharezLook
22/11/2016 01:14:02 (Std) 	[ImageManager] ---- Source texture file: TaharezLook.png
22/11/2016 01:14:02 (Std) 	[ImageManager] ---- Source texture resource group: (Default)
22/11/2016 01:14:02 (Std) 	[Direct3D9Renderer] Created texture: TaharezLook
22/11/2016 01:14:02 (Std) 	[ImageManager] Created image: 'TaharezLook/ClientBrush' (07523320) of type: BasicImage
22/11/2016 01:14:02 (Std) 	[ImageManager] Created image: 'TaharezLook/GenericBrush' (0765A808) of type: BasicImage
22/11/2016 01:14:02 (Std) 	[ImageManager] Created image: 'TaharezLook/WindowLeftEdge' (0765A9F8) of type: BasicImage
22/11/2016 01:14:02 (Std) 	[ImageManager] Created image: 'TaharezLook/WindowRightEdge' (0765ABE8) of type: BasicImage
22/11/2016 01:14:02 (Std) 	[ImageManager] Created image: 'TaharezLook/WindowTopEdge' (0765ADD8) of type: BasicImage
22/11/2016 01:14:02 (Std) 	[ImageManager] Created image: 'TaharezLook/WindowBottomEdge' (0765AFC8) of type: BasicImage
22/11/2016 01:14:02 (Std) 	[ImageManager] Created image: 'TaharezLook/WindowTopLeft' (0765B1B8) of type: BasicImage
22/11/2016 01:14:02 (Std) 	[ImageManager] Created image: 'TaharezLook/WindowTopRight' (0765B3A8) of type: BasicImage
22/11/2016 01:14:02 (Std) 	[ImageManager] Created image: 'TaharezLook/WindowBottomLeft' (0765B598) of type: BasicImage
22/11/2016 01:14:02 (Std) 	[ImageManager] Created image: 'TaharezLook/WindowBottomRight' (0765B788) of type: BasicImage
22/11/2016 01:14:02 (Std) 	[ImageManager] Created image: 'TaharezLook/ButtonLeftNormal' (0765B978) of type: BasicImage
22/11/2016 01:14:02 (Std) 	[ImageManager] Created image: 'TaharezLook/ButtonMiddleNormal' (0765BA88) of type: BasicImage
22/11/2016 01:14:02 (Std) 	[ImageManager] Created image: 'TaharezLook/ButtonRightNormal' (0765BB98) of type: BasicImage
22/11/2016 01:14:02 (Std) 	[ImageManager] Created image: 'TaharezLook/ButtonLeftPushed' (0765BCA8) of type: BasicImage
22/11/2016 01:14:02 (Std) 	[ImageManager] Created image: 'TaharezLook/ButtonMiddlePushed' (0752CB50) of type: BasicImage
22/11/2016 01:14:02 (Std) 	[ImageManager] Created image: 'TaharezLook/ButtonRightPushed' (0752C920) of type: BasicImage
22/11/2016 01:14:02 (Std) 	[ImageManager] Created image: 'TaharezLook/ButtonLeftHighlight' (0752CC68) of type: BasicImage
22/11/2016 01:14:02 (Std) 	[ImageManager] Created image: 'TaharezLook/ButtonMiddleHighlight' (0752C6F0) of type: BasicImage
22/11/2016 01:14:02 (Std) 	[ImageManager] Created image: 'TaharezLook/ButtonRightHighlight' (0752CFB0) of type: BasicImage
22/11/2016 01:14:02 (Std) 	[ImageManager] Created image: 'TaharezLook/CheckboxNormal' (0752C4C0) of type: BasicImage
22/11/2016 01:14:02 (Std) 	[ImageManager] Created image: 'TaharezLook/CheckboxHover' (0752C5D8) of type: BasicImage
22/11/2016 01:14:02 (Std) 	[ImageManager] Created image: 'TaharezLook/CheckboxMark' (0752C808) of type: BasicImage
22/11/2016 01:14:02 (Std) 	[ImageManager] Created image: 'TaharezLook/RadioButtonNormal' (0752CA38) of type: BasicImage
22/11/2016 01:14:02 (Std) 	[ImageManager] Created image: 'TaharezLook/RadioButtonHover' (0752CD80) of type: BasicImage
22/11/2016 01:14:02 (Std) 	[ImageManager] Created image: 'TaharezLook/RadioButtonMark' (0752CE98) of type: BasicImage
22/11/2016 01:14:02 (Std) 	[ImageManager] Created image: 'TaharezLook/TitlebarLeft' (0752D0C8) of type: BasicImage
22/11/2016 01:14:02 (Std) 	[ImageManager] Created image: 'TaharezLook/TitlebarMiddle' (0752D1E0) of type: BasicImage
22/11/2016 01:14:02 (Std) 	[ImageManager] Created image: 'TaharezLook/TitlebarRight' (0752D2F8) of type: BasicImage
22/11/2016 01:14:02 (Std) 	[ImageManager] Created image: 'TaharezLook/NewTitlebarLeft' (0752F308) of type: BasicImage
22/11/2016 01:14:02 (Std) 	[ImageManager] Created image: 'TaharezLook/NewTitlebarMiddle' (0752E818) of type: BasicImage
22/11/2016 01:14:02 (Std) 	[ImageManager] Created image: 'TaharezLook/NewTitlebarRight' (0752E700) of type: BasicImage
22/11/2016 01:14:02 (Std) 	[ImageManager] Created image: 'TaharezLook/SysAreaMiddle' (0752DF58) of type: BasicImage
22/11/2016 01:14:02 (Std) 	[ImageManager] Created image: 'TaharezLook/SysAreaRight' (0752D698) of type: BasicImage
22/11/2016 01:14:02 (Std) 	[ImageManager] Created image: 'TaharezLook/StaticLeft' (0752ED90) of type: BasicImage
22/11/2016 01:14:02 (Std) 	[ImageManager] Created image: 'TaharezLook/StaticRight' (0752EEA8) of type: BasicImage
22/11/2016 01:14:02 (Std) 	[ImageManager] Created image: 'TaharezLook/StaticTop' (0752DD28) of type: BasicImage
22/11/2016 01:14:02 (Std) 	[ImageManager] Created image: 'TaharezLook/StaticBottom' (0752E5E8) of type: BasicImage
22/11/2016 01:14:02 (Std) 	[ImageManager] Created image: 'TaharezLook/StaticTopLeft' (0752F420) of type: BasicImage
22/11/2016 01:14:02 (Std) 	[ImageManager] Created image: 'TaharezLook/StaticTopRight' (0752EFC0) of type: BasicImage
22/11/2016 01:14:02 (Std) 	[ImageManager] Created image: 'TaharezLook/StaticBottomLeft' (0752E930) of type: BasicImage
22/11/2016 01:14:02 (Std) 	[ImageManager] Created image: 'TaharezLook/StaticBottomRight' (0752D7B0) of type: BasicImage
22/11/2016 01:14:02 (Std) 	[ImageManager] Created image: 'TaharezLook/StaticBackdrop' (0752D8C8) of type: BasicImage
22/11/2016 01:14:02 (Std) 	[ImageManager] Created image: 'TaharezLook/ProgressBarLeft' (0752DE40) of type: BasicImage
22/11/2016 01:14:02 (Std) 	[ImageManager] Created image: 'TaharezLook/ProgressBarMiddle' (0752DAF8) of type: BasicImage
22/11/2016 01:14:02 (Std) 	[ImageManager] Created image: 'TaharezLook/ProgressBarRight' (0752D580) of type: BasicImage
22/11/2016 01:14:02 (Std) 	[ImageManager] Created image: 'TaharezLook/ProgressBarDimSegment' (0752E3B8) of type: BasicImage
22/11/2016 01:14:02 (Std) 	[ImageManager] Created image: 'TaharezLook/ProgressBarLitSegment' (0752E070) of type: BasicImage
22/11/2016 01:14:02 (Std) 	[ImageManager] Created image: 'TaharezLook/EditBoxLeft' (0752E2A0) of type: BasicImage
22/11/2016 01:14:02 (Std) 	[ImageManager] Created image: 'TaharezLook/EditBoxMiddle' (0752EC78) of type: BasicImage
22/11/2016 01:14:02 (Std) 	[ImageManager] Created image: 'TaharezLook/EditBoxRight' (0752F0D8) of type: BasicImage
22/11/2016 01:14:02 (Std) 	[ImageManager] Created image: 'TaharezLook/EditBoxCaret' (0752DC10) of type: BasicImage
22/11/2016 01:14:02 (Std) 	[ImageManager] Created image: 'TaharezLook/SpinnerUpNormal' (0752E188) of type: BasicImage
22/11/2016 01:14:02 (Std) 	[ImageManager] Created image: 'TaharezLook/SpinnerDownNormal' (0752E4D0) of type: BasicImage
22/11/2016 01:14:02 (Std) 	[ImageManager] Created image: 'TaharezLook/SpinnerUpHover' (0752F1F0) of type: BasicImage
22/11/2016 01:14:02 (Std) 	[ImageManager] Created image: 'TaharezLook/SpinnerDownHover' (0752D9E0) of type: BasicImage
22/11/2016 01:14:02 (Std) 	[ImageManager] Created image: 'TaharezLook/TextSelectionBrush' (0752EA48) of type: BasicImage
22/11/2016 01:14:02 (Std) 	[ImageManager] Created image: 'TaharezLook/VertScrollTop' (0752EB60) of type: BasicImage
22/11/2016 01:14:02 (Std) 	[ImageManager] Created image: 'TaharezLook/VertScrollMiddle' (0754FDB0) of type: BasicImage
22/11/2016 01:14:02 (Std) 	[ImageManager] Created image: 'TaharezLook/VertScrollBottom' (075500F8) of type: BasicImage
22/11/2016 01:14:02 (Std) 	[ImageManager] Created image: 'TaharezLook/VertScrollBarSegment' (0754F838) of type: BasicImage
22/11/2016 01:14:02 (Std) 	[ImageManager] Created image: 'TaharezLook/VertScrollThumbNormal' (07550210) of type: BasicImage
22/11/2016 01:14:02 (Std) 	[ImageManager] Created image: 'TaharezLook/VertScrollThumbHover' (0754F608) of type: BasicImage
22/11/2016 01:14:02 (Std) 	[ImageManager] Created image: 'TaharezLook/VertScrollUpNormal' (07550F30) of type: BasicImage
22/11/2016 01:14:02 (Std) 	[ImageManager] Created image: 'TaharezLook/VertScrollDownNormal' (07551160) of type: BasicImage
22/11/2016 01:14:02 (Std) 	[ImageManager] Created image: 'TaharezLook/VertScrollUpHover' (0754FB80) of type: BasicImage
22/11/2016 01:14:02 (Std) 	[ImageManager] Created image: 'TaharezLook/VertScrollDownHover' (07551048) of type: BasicImage
22/11/2016 01:14:02 (Std) 	[ImageManager] Created image: 'TaharezLook/MiniVertScrollBarSegment' (07550670) of type: BasicImage
22/11/2016 01:14:02 (Std) 	[ImageManager] Created image: 'TaharezLook/MiniVertScrollThumbNormal' (07550558) of type: BasicImage
22/11/2016 01:14:02 (Std) 	[ImageManager] Created image: 'TaharezLook/MiniVertScrollThumbTopNormal' (075508A0) of type: BasicImage
22/11/2016 01:14:02 (Std) 	[ImageManager] Created image: 'TaharezLook/MiniVertScrollThumbMiddleNormal' (0754F720) of type: BasicImage
22/11/2016 01:14:02 (Std) 	[ImageManager] Created image: 'TaharezLook/MiniVertScrollThumbBottomNormal' (0754F950) of type: BasicImage
22/11/2016 01:14:02 (Std) 	[ImageManager] Created image: 'TaharezLook/MiniVertScrollThumbTopHover' (0754FA68) of type: BasicImage
22/11/2016 01:14:02 (Std) 	[ImageManager] Created image: 'TaharezLook/MiniVertScrollThumbMiddleHover' (07551278) of type: BasicImage
22/11/2016 01:14:02 (Std) 	[ImageManager] Created image: 'TaharezLook/MiniVertScrollThumbBottomHover' (07550AD0) of type: BasicImage
22/11/2016 01:14:02 (Std) 	[ImageManager] Created image: 'TaharezLook/MiniVertScrollThumbHover' (07550788) of type: BasicImage
22/11/2016 01:14:02 (Std) 	[ImageManager] Created image: 'TaharezLook/MiniVertScrollUpNormal' (07550BE8) of type: BasicImage
22/11/2016 01:14:02 (Std) 	[ImageManager] Created image: 'TaharezLook/MiniVertScrollDownNormal' (07550440) of type: BasicImage
22/11/2016 01:14:02 (Std) 	[ImageManager] Created image: 'TaharezLook/MiniVertScrollUpHover' (0754FEC8) of type: BasicImage
22/11/2016 01:14:02 (Std) 	[ImageManager] Created image: 'TaharezLook/MiniVertScrollDownHover' (075509B8) of type: BasicImage
22/11/2016 01:14:02 (Std) 	[ImageManager] Created image: 'TaharezLook/VertSliderBody' (0754FC98) of type: BasicImage
22/11/2016 01:14:02 (Std) 	[ImageManager] Created image: 'TaharezLook/VertSliderThumbNormal' (0754F3D8) of type: BasicImage
22/11/2016 01:14:02 (Std) 	[ImageManager] Created image: 'TaharezLook/VertSliderThumbHover' (0754FFE0) of type: BasicImage
22/11/2016 01:14:02 (Std) 	[ImageManager] Created image: 'TaharezLook/MiniHorzScrollBarSegment' (0754F4F0) of type: BasicImage
22/11/2016 01:14:02 (Std) 	[ImageManager] Created image: 'TaharezLook/MiniHorzScrollThumbNormal' (07550328) of type: BasicImage
22/11/2016 01:14:02 (Std) 	[ImageManager] Created image: 'TaharezLook/MiniHorzScrollThumbLeftNormal' (07550D00) of type: BasicImage
22/11/2016 01:14:02 (Std) 	[ImageManager] Created image: 'TaharezLook/MiniHorzScrollThumbMiddleNormal' (07550E18) of type: BasicImage
22/11/2016 01:14:02 (Std) 	[ImageManager] Created image: 'TaharezLook/MiniHorzScrollThumbRightNormal' (0755A4A8) of type: BasicImage
22/11/2016 01:14:02 (Std) 	[ImageManager] Created image: 'TaharezLook/MiniHorzScrollThumbHover' (0755B1C8) of type: BasicImage
22/11/2016 01:14:02 (Std) 	[ImageManager] Created image: 'TaharezLook/MiniHorzScrollThumbLeftHover' (0755B3F8) of type: BasicImage
22/11/2016 01:14:02 (Std) 	[ImageManager] Created image: 'TaharezLook/MiniHorzScrollThumbMiddleHover' (0755B2E0) of type: BasicImage
22/11/2016 01:14:02 (Std) 	[ImageManager] Created image: 'TaharezLook/MiniHorzScrollThumbRightHover' (0755AE80) of type: BasicImage
22/11/2016 01:14:02 (Std) 	[ImageManager] Created image: 'TaharezLook/MiniHorzScrollLeftNormal' (0755A278) of type: BasicImage
22/11/2016 01:14:02 (Std) 	[ImageManager] Created image: 'TaharezLook/MiniHorzScrollRightNormal' (07559E18) of type: BasicImage
22/11/2016 01:14:02 (Std) 	[ImageManager] Created image: 'TaharezLook/MiniHorzScrollLeftHover' (0755A6D8) of type: BasicImage
22/11/2016 01:14:02 (Std) 	[ImageManager] Created image: 'TaharezLook/MiniHorzScrollRightHover' (0755A390) of type: BasicImage
22/11/2016 01:14:02 (Std) 	[ImageManager] Created image: 'TaharezLook/ListboxLeft' (0755AB38) of type: BasicImage
22/11/2016 01:14:02 (Std) 	[ImageManager] Created image: 'TaharezLook/ListboxRight' (0755AF98) of type: BasicImage
22/11/2016 01:14:02 (Std) 	[ImageManager] Created image: 'TaharezLook/ListboxTop' (0755AC50) of type: BasicImage
22/11/2016 01:14:02 (Std) 	[ImageManager] Created image: 'TaharezLook/ListboxBottom' (0755A160) of type: BasicImage
22/11/2016 01:14:02 (Std) 	[ImageManager] Created image: 'TaharezLook/ListboxTopLeft' (07559BE8) of type: BasicImage
22/11/2016 01:14:02 (Std) 	[ImageManager] Created image: 'TaharezLook/ListboxTopRight' (0755B0B0) of type: BasicImage
22/11/2016 01:14:02 (Std) 	[ImageManager] Created image: 'TaharezLook/ListboxBottomLeft' (0755B510) of type: BasicImage
22/11/2016 01:14:02 (Std) 	[ImageManager] Created image: 'TaharezLook/ListboxBottomRight' (07559D00) of type: BasicImage
22/11/2016 01:14:02 (Std) 	[ImageManager] Created image: 'TaharezLook/ListboxBackdrop' (0755B628) of type: BasicImage
22/11/2016 01:14:02 (Std) 	[ImageManager] Created image: 'TaharezLook/ListboxSelectionBrush' (0755A5C0) of type: BasicImage
22/11/2016 01:14:02 (Std) 	[ImageManager] Created image: 'TaharezLook/ComboboxEditLeft' (0755AA20) of type: BasicImage
22/11/2016 01:14:02 (Std) 	[ImageManager] Created image: 'TaharezLook/ComboboxEditMiddle' (0755AD68) of type: BasicImage
22/11/2016 01:14:02 (Std) 	[ImageManager] Created image: 'TaharezLook/ComboboxListButtonNormal' (0755B740) of type: BasicImage
22/11/2016 01:14:02 (Std) 	[ImageManager] Created image: 'TaharezLook/ComboboxListButtonHover' (0755B858) of type: BasicImage
22/11/2016 01:14:02 (Std) 	[ImageManager] Created image: 'TaharezLook/ComboboxListLeft' (07559F30) of type: BasicImage
22/11/2016 01:14:02 (Std) 	[ImageManager] Created image: 'TaharezLook/ComboboxListRight' (07559AD0) of type: BasicImage
22/11/2016 01:14:02 (Std) 	[ImageManager] Created image: 'TaharezLook/ComboboxListTop' (0755B970) of type: BasicImage
22/11/2016 01:14:02 (Std) 	[ImageManager] Created image: 'TaharezLook/ComboboxListBottom' (0755A7F0) of type: BasicImage
22/11/2016 01:14:02 (Std) 	[ImageManager] Created image: 'TaharezLook/ComboboxListTopLeft' (0755A048) of type: BasicImage
22/11/2016 01:14:02 (Std) 	[ImageManager] Created image: 'TaharezLook/ComboboxListTopRight' (0755A908) of type: BasicImage
22/11/2016 01:14:02 (Std) 	[ImageManager] Created image: 'TaharezLook/ComboboxListBottomLeft' (07560338) of type: BasicImage
22/11/2016 01:14:02 (Std) 	[ImageManager] Created image: 'TaharezLook/ComboboxListBottomRight' (0755F848) of type: BasicImage
22/11/2016 01:14:02 (Std) 	[ImageManager] Created image: 'TaharezLook/ComboboxListBackdrop' (0755FCA8) of type: BasicImage
22/11/2016 01:14:02 (Std) 	[ImageManager] Created image: 'TaharezLook/ComboboxSelectionBrush' (0755F0A0) of type: BasicImage
22/11/2016 01:14:02 (Std) 	[ImageManager] Created image: 'TaharezLook/ComboboxDividerLeft' (0755FED8) of type: BasicImage
22/11/2016 01:14:02 (Std) 	[ImageManager] Created image: 'TaharezLook/ComboboxDividerMiddle' (0755FFF0) of type: BasicImage
22/11/2016 01:14:02 (Std) 	[ImageManager] Created image: 'TaharezLook/ComboboxDividerRight' (07560798) of type: BasicImage
22/11/2016 01:14:02 (Std) 	[ImageManager] Created image: 'TaharezLook/HeaderBarBackdropNormal' (0755F618) of type: BasicImage
22/11/2016 01:14:02 (Std) 	[ImageManager] Created image: 'TaharezLook/HeaderBarBackdropHover' (0755F2D0) of type: BasicImage
22/11/2016 01:14:02 (Std) 	[ImageManager] Created image: 'TaharezLook/HeaderBarSplitterNormal' (07560108) of type: BasicImage
22/11/2016 01:14:02 (Std) 	[ImageManager] Created image: 'TaharezLook/HeaderBarSplitterHover' (0755F1B8) of type: BasicImage
22/11/2016 01:14:02 (Std) 	[ImageManager] Created image: 'TaharezLook/HeaderBarSortUp' (0755FDC0) of type: BasicImage
22/11/2016 01:14:02 (Std) 	[ImageManager] Created image: 'TaharezLook/HeaderBarSortDown' (07560220) of type: BasicImage
22/11/2016 01:14:02 (Std) 	[ImageManager] Created image: 'TaharezLook/MultiListLeft' (0755F3E8) of type: BasicImage
22/11/2016 01:14:02 (Std) 	[ImageManager] Created image: 'TaharezLook/MultiListRight' (07560450) of type: BasicImage
22/11/2016 01:14:02 (Std) 	[ImageManager] Created image: 'TaharezLook/MultiListTop' (07560AE0) of type: BasicImage
22/11/2016 01:14:02 (Std) 	[ImageManager] Created image: 'TaharezLook/MultiListBottom' (0755F500) of type: BasicImage
22/11/2016 01:14:02 (Std) 	[ImageManager] Created image: 'TaharezLook/MultiListTopLeft' (07560568) of type: BasicImage
22/11/2016 01:14:02 (Std) 	[ImageManager] Created image: 'TaharezLook/MultiListTopRight' (07560680) of type: BasicImage
22/11/2016 01:14:02 (Std) 	[ImageManager] Created image: 'TaharezLook/MultiListBottomLeft' (075608B0) of type: BasicImage
22/11/2016 01:14:02 (Std) 	[ImageManager] Created image: 'TaharezLook/MultiListBottomRight' (0755F960) of type: BasicImage
22/11/2016 01:14:02 (Std) 	[ImageManager] Created image: 'TaharezLook/MultiListBackdrop' (0755ED58) of type: BasicImage
22/11/2016 01:14:02 (Std) 	[ImageManager] Created image: 'TaharezLook/MultiListSelectionBrush' (0755EF88) of type: BasicImage
22/11/2016 01:14:02 (Std) 	[ImageManager] Created image: 'TaharezLook/AltProgressLeft' (075609C8) of type: BasicImage
22/11/2016 01:14:02 (Std) 	[ImageManager] Created image: 'TaharezLook/AltProgressMiddle' (0755F730) of type: BasicImage
22/11/2016 01:14:02 (Std) 	[ImageManager] Created image: 'TaharezLook/AltProgressRight' (0755FB90) of type: BasicImage
22/11/2016 01:14:02 (Std) 	[ImageManager] Created image: 'TaharezLook/AltProgressQuarter' (0755FA78) of type: BasicImage
22/11/2016 01:14:02 (Std) 	[ImageManager] Created image: 'TaharezLook/AltProgressHalf' (0755EC40) of type: BasicImage
22/11/2016 01:14:02 (Std) 	[ImageManager] Created image: 'TaharezLook/AltProgressLight1' (0755EE70) of type: BasicImage
22/11/2016 01:14:02 (Std) 	[ImageManager] Created image: 'TaharezLook/AltProgressLight2' (075588F8) of type: BasicImage
22/11/2016 01:14:02 (Std) 	[ImageManager] Created image: 'TaharezLook/AltProgressLight3' (07558380) of type: BasicImage
22/11/2016 01:14:02 (Std) 	[ImageManager] Created image: 'TaharezLook/AltProgressLight4' (07558498) of type: BasicImage
22/11/2016 01:14:02 (Std) 	[ImageManager] Created image: 'TaharezLook/AltProgressLight5' (07557BD8) of type: BasicImage
22/11/2016 01:14:02 (Std) 	[ImageManager] Created image: 'TaharezLook/AltProgressLight6' (07557AC0) of type: BasicImage
22/11/2016 01:14:02 (Std) 	[ImageManager] Created image: 'TaharezLook/AltProgressLight7' (07557E08) of type: BasicImage
22/11/2016 01:14:02 (Std) 	[ImageManager] Created image: 'TaharezLook/AltProgressLight8' (075585B0) of type: BasicImage
22/11/2016 01:14:02 (Std) 	[ImageManager] Created image: 'TaharezLook/AltProgressLight9' (075587E0) of type: BasicImage
22/11/2016 01:14:02 (Std) 	[ImageManager] Created image: 'TaharezLook/AltProgressLight10' (075586C8) of type: BasicImage
22/11/2016 01:14:02 (Std) 	[ImageManager] Created image: 'TaharezLook/CloseButtonNormal' (07557CF0) of type: BasicImage
22/11/2016 01:14:02 (Std) 	[ImageManager] Created image: 'TaharezLook/CloseButtonHover' (07557F20) of type: BasicImage
22/11/2016 01:14:02 (Std) 	[ImageManager] Created image: 'TaharezLook/CloseButtonPressed' (07558038) of type: BasicImage
22/11/2016 01:14:02 (Std) 	[ImageManager] Created image: 'TaharezLook/NewCloseButtonNormal' (07558150) of type: BasicImage
22/11/2016 01:14:02 (Std) 	[ImageManager] Created image: 'TaharezLook/NewCloseButtonHover' (07558268) of type: BasicImage
22/11/2016 01:14:02 (Std) 	[ImageManager] Created image: 'TaharezLook/NewCloseButtonPressed' (07562C50) of type: BasicImage
22/11/2016 01:14:02 (Std) 	[ImageManager] Created image: 'TaharezLook/MultiLineEditboxLeft' (07563510) of type: BasicImage
22/11/2016 01:14:02 (Std) 	[ImageManager] Created image: 'TaharezLook/MultiLineEditboxRight' (07564230) of type: BasicImage
22/11/2016 01:14:02 (Std) 	[ImageManager] Created image: 'TaharezLook/MultiLineEditboxTop' (07562D68) of type: BasicImage
22/11/2016 01:14:02 (Std) 	[ImageManager] Created image: 'TaharezLook/MultiLineEditboxBottom' (07563BA0) of type: BasicImage
22/11/2016 01:14:02 (Std) 	[ImageManager] Created image: 'TaharezLook/MultiLineEditboxTopLeft' (075631C8) of type: BasicImage
22/11/2016 01:14:02 (Std) 	[ImageManager] Created image: 'TaharezLook/MultiLineEditboxTopRight' (07564AF0) of type: BasicImage
22/11/2016 01:14:02 (Std) 	[ImageManager] Created image: 'TaharezLook/MultiLineEditboxBottomLeft' (07564578) of type: BasicImage
22/11/2016 01:14:02 (Std) 	[ImageManager] Created image: 'TaharezLook/MultiLineEditboxBottomRight' (07563DD0) of type: BasicImage
22/11/2016 01:14:02 (Std) 	[ImageManager] Created image: 'TaharezLook/MultiLineEditboxBackdrop' (075633F8) of type: BasicImage
22/11/2016 01:14:02 (Std) 	[ImageManager] Created image: 'TaharezLook/MultiLineEditboxSelectionBrush' (07563628) of type: BasicImage
22/11/2016 01:14:02 (Std) 	[ImageManager] Created image: 'TaharezLook/MouseTarget' (07562E80) of type: BasicImage
22/11/2016 01:14:02 (Std) 	[ImageManager] Created image: 'TaharezLook/MouseArrow' (07564460) of type: BasicImage
22/11/2016 01:14:02 (Std) 	[ImageManager] Created image: 'TaharezLook/MouseMoveCursor' (07564690) of type: BasicImage
22/11/2016 01:14:02 (Std) 	[ImageManager] Created image: 'TaharezLook/MouseNoSoCursor' (07563970) of type: BasicImage
22/11/2016 01:14:02 (Std) 	[ImageManager] Created image: 'TaharezLook/MouseEsWeCursor' (07563EE8) of type: BasicImage
22/11/2016 01:14:02 (Std) 	[ImageManager] Created image: 'TaharezLook/MouseNeSwCursor' (075647A8) of type: BasicImage
22/11/2016 01:14:02 (Std) 	[ImageManager] Created image: 'TaharezLook/MouseNwSeCursor' (075632E0) of type: BasicImage
22/11/2016 01:14:02 (Std) 	[ImageManager] Created image: 'TaharezLook/MouseTextBar' (07564348) of type: BasicImage
22/11/2016 01:14:02 (Std) 	[ImageManager] Created image: 'TaharezLook/TabHorizontalFiller' (07562F98) of type: BasicImage
22/11/2016 01:14:02 (Std) 	[ImageManager] Created image: 'TaharezLook/TabContentPaneUpperLeft' (075630B0) of type: BasicImage
22/11/2016 01:14:02 (Std) 	[ImageManager] Created image: 'TaharezLook/TabContentPaneUpper' (07563740) of type: BasicImage
22/11/2016 01:14:02 (Std) 	[ImageManager] Created image: 'TaharezLook/TabContentPaneUpperRight' (07563858) of type: BasicImage
22/11/2016 01:14:02 (Std) 	[ImageManager] Created image: 'TaharezLook/TabContentPaneLeft' (07563A88) of type: BasicImage
22/11/2016 01:14:02 (Std) 	[ImageManager] Created image: 'TaharezLook/TabContentPaneRight' (07563CB8) of type: BasicImage
22/11/2016 01:14:02 (Std) 	[ImageManager] Created image: 'TaharezLook/TabContentPaneLower' (07564000) of type: BasicImage
22/11/2016 01:14:02 (Std) 	[ImageManager] Created image: 'TaharezLook/TabContentPaneLowerLeft' (07564118) of type: BasicImage
22/11/2016 01:14:02 (Std) 	[ImageManager] Created image: 'TaharezLook/TabContentPaneLowerRight' (075648C0) of type: BasicImage
22/11/2016 01:14:02 (Std) 	[ImageManager] Created image: 'TaharezLook/TabContentPaneMiddle' (075649D8) of type: BasicImage
22/11/2016 01:14:02 (Std) 	[ImageManager] Created image: 'TaharezLook/TabButtonScrollLeftNormal' (0756E428) of type: BasicImage
22/11/2016 01:14:02 (Std) 	[ImageManager] Created image: 'TaharezLook/TabButtonScrollRightNormal' (0756EBD0) of type: BasicImage
22/11/2016 01:14:02 (Std) 	[ImageManager] Created image: 'TaharezLook/TabButtonScrollLeftHover' (0756ECE8) of type: BasicImage
22/11/2016 01:14:02 (Std) 	[ImageManager] Created image: 'TaharezLook/TabButtonScrollRightHover' (0756F5A8) of type: BasicImage
22/11/2016 01:14:02 (Std) 	[ImageManager] Created image: 'TaharezLook/TabButtonLeftNormal' (0756EF18) of type: BasicImage
22/11/2016 01:14:02 (Std) 	[ImageManager] Created image: 'TaharezLook/TabButtonRightNormal' (0756F260) of type: BasicImage
22/11/2016 01:14:02 (Std) 	[ImageManager] Created image: 'TaharezLook/TabButtonUpperNormal' (0756FA08) of type: BasicImage
22/11/2016 01:14:02 (Std) 	[ImageManager] Created image: 'TaharezLook/TabButtonLowerNormal' (0756E310) of type: BasicImage
22/11/2016 01:14:02 (Std) 	[ImageManager] Created image: 'TaharezLook/TabButtonUpperLeftNormal' (0756F378) of type: BasicImage
22/11/2016 01:14:02 (Std) 	[ImageManager] Created image: 'TaharezLook/TabButtonUpperLeft2Normal' (0756E888) of type: BasicImage
22/11/2016 01:14:02 (Std) 	[ImageManager] Created image: 'TaharezLook/TabButtonUpperRightNormal' (0756DC80) of type: BasicImage
22/11/2016 01:14:02 (Std) 	[ImageManager] Created image: 'TaharezLook/TabButtonLowerLeftNormal' (0756F490) of type: BasicImage
22/11/2016 01:14:02 (Std) 	[ImageManager] Created image: 'TaharezLook/TabButtonLowerRightNormal' (0756FB20) of type: BasicImage
22/11/2016 01:14:02 (Std) 	[ImageManager] Created image: 'TaharezLook/TabButtonLowerRight2Normal' (0756E540) of type: BasicImage
22/11/2016 01:14:02 (Std) 	[ImageManager] Created image: 'TaharezLook/TabButtonMiddleNormal' (0756DD98) of type: BasicImage
22/11/2016 01:14:02 (Std) 	[ImageManager] Created image: 'TaharezLook/TabButtonLeftSelected' (0756DEB0) of type: BasicImage
22/11/2016 01:14:02 (Std) 	[ImageManager] Created image: 'TaharezLook/TabButtonRightSelected' (0756DFC8) of type: BasicImage
22/11/2016 01:14:02 (Std) 	[ImageManager] Created image: 'TaharezLook/TabButtonUpperSelected' (0756F8F0) of type: BasicImage
22/11/2016 01:14:02 (Std) 	[ImageManager] Created image: 'TaharezLook/TabButtonLowerSelected' (0756E9A0) of type: BasicImage
22/11/2016 01:14:02 (Std) 	[ImageManager] Created image: 'TaharezLook/TabButtonUpperLeftSelected' (0756F7D8) of type: BasicImage
22/11/2016 01:14:02 (Std) 	[ImageManager] Created image: 'TaharezLook/TabButtonUpperRightSelected' (0756EAB8) of type: BasicImage
22/11/2016 01:14:02 (Std) 	[ImageManager] Created image: 'TaharezLook/TabButtonLowerLeftSelected' (0756F6C0) of type: BasicImage
22/11/2016 01:14:02 (Std) 	[ImageManager] Created image: 'TaharezLook/TabButtonLowerRightSelected' (0756E0E0) of type: BasicImage
22/11/2016 01:14:02 (Std) 	[ImageManager] Created image: 'TaharezLook/TabButtonMiddleSelected' (0756E1F8) of type: BasicImage
22/11/2016 01:14:02 (Std) 	[ImageManager] Created image: 'TaharezLook/TooltipTopLeft' (0756E658) of type: BasicImage
22/11/2016 01:14:02 (Std) 	[ImageManager] Created image: 'TaharezLook/TooltipTopRight' (0756EE00) of type: BasicImage
22/11/2016 01:14:02 (Std) 	[ImageManager] Created image: 'TaharezLook/TooltipBottomLeft' (0756F030) of type: BasicImage
22/11/2016 01:14:02 (Std) 	[ImageManager] Created image: 'TaharezLook/TooltipBottomRight' (0756E770) of type: BasicImage
22/11/2016 01:14:02 (Std) 	[ImageManager] Created image: 'TaharezLook/TooltipLeftEdge' (0756F148) of type: BasicImage
22/11/2016 01:14:02 (Std) 	[ImageManager] Created image: 'TaharezLook/TooltipRightEdge' (07573270) of type: BasicImage
22/11/2016 01:14:02 (Std) 	[ImageManager] Created image: 'TaharezLook/TooltipTopEdge' (07573388) of type: BasicImage
22/11/2016 01:14:02 (Std) 	[ImageManager] Created image: 'TaharezLook/TooltipBottomEdge' (07572E10) of type: BasicImage
22/11/2016 01:14:02 (Std) 	[ImageManager] Created image: 'TaharezLook/TooltipMiddle' (07573158) of type: BasicImage
22/11/2016 01:14:02 (Std) 	[ImageManager] Created image: 'TaharezLook/MenuTopLeft' (075720F0) of type: BasicImage
22/11/2016 01:14:02 (Std) 	[ImageManager] Created image: 'TaharezLook/MenuTopRight' (07572BE0) of type: BasicImage
22/11/2016 01:14:02 (Std) 	[ImageManager] Created image: 'TaharezLook/MenuBottomLeft' (07572438) of type: BasicImage
22/11/2016 01:14:02 (Std) 	[ImageManager] Created image: 'TaharezLook/MenuBottomRight' (075729B0) of type: BasicImage
22/11/2016 01:14:02 (Std) 	[ImageManager] Created image: 'TaharezLook/MenuLeft' (07571EC0) of type: BasicImage
22/11/2016 01:14:02 (Std) 	[ImageManager] Created image: 'TaharezLook/MenuRight' (075734A0) of type: BasicImage
22/11/2016 01:14:02 (Std) 	[ImageManager] Created image: 'TaharezLook/MenuTop' (075736D0) of type: BasicImage
22/11/2016 01:14:02 (Std) 	[ImageManager] Created image: 'TaharezLook/MenuBottom' (07572320) of type: BasicImage
22/11/2016 01:14:02 (Std) 	[ImageManager] Created image: 'TaharezLook/MenuMiddle' (07573900) of type: BasicImage
22/11/2016 01:14:02 (Std) 	[ImageManager] Created image: 'TaharezLook/PopupMenuFrameTopLeft' (07571C90) of type: BasicImage
22/11/2016 01:14:02 (Std) 	[ImageManager] Created image: 'TaharezLook/PopupMenuFrameTopRight' (075735B8) of type: BasicImage
22/11/2016 01:14:02 (Std) 	[ImageManager] Created image: 'TaharezLook/PopupMenuFrameBottomLeft' (075737E8) of type: BasicImage
22/11/2016 01:14:02 (Std) 	[ImageManager] Created image: 'TaharezLook/PopupMenuFrameBottomRight' (07572208) of type: BasicImage
22/11/2016 01:14:02 (Std) 	[ImageManager] Created image: 'TaharezLook/PopupMenuFrameLeft' (07571DA8) of type: BasicImage
22/11/2016 01:14:02 (Std) 	[ImageManager] Created image: 'TaharezLook/PopupMenuFrameRight' (07573A18) of type: BasicImage
22/11/2016 01:14:02 (Std) 	[ImageManager] Created image: 'TaharezLook/PopupMenuFrameTop' (07571FD8) of type: BasicImage
22/11/2016 01:14:02 (Std) 	[ImageManager] Created image: 'TaharezLook/PopupMenuFrameBottom' (07572550) of type: BasicImage
22/11/2016 01:14:02 (Std) 	[ImageManager] Created image: 'TaharezLook/PopupMenuMiddle' (07573B30) of type: BasicImage
22/11/2016 01:14:02 (Std) 	[ImageManager] Created image: 'TaharezLook/PopupMenuArrowRight' (07572668) of type: BasicImage
22/11/2016 01:14:02 (Std) 	[ImageManager] Created image: 'TaharezLook/PopupMenuArrowLeft' (07572898) of type: BasicImage
22/11/2016 01:14:02 (Std) 	[ImageManager] Created image: 'TaharezLook/TreeListClosed' (07572CF8) of type: BasicImage
22/11/2016 01:14:02 (Std) 	[ImageManager] Created image: 'TaharezLook/TreeListOpened' (07572F28) of type: BasicImage
22/11/2016 01:14:02 (Std) 	[ImageManager] Created image: 'TaharezLook/UpArrow' (07573040) of type: BasicImage
22/11/2016 01:14:02 (Std) 	===== Falagard 'root' element: look and feel parsing begins =====
22/11/2016 01:14:02 (Std) 	===== Look and feel parsing completed =====
22/11/2016 01:14:02 (Std) 	No window renderer factories specified for module 'CEGUICoreWindowRendererSet' - adding all available factories...
22/11/2016 01:14:02 (Std) 	Created WindowRendererFactory for 'Core/Button' WindowRenderers.
22/11/2016 01:14:02 (Std) 	WindowRendererFactory 'Core/Button' added. (07794EE0)
22/11/2016 01:14:02 (Std) 	Created WindowRendererFactory for 'Core/Default' WindowRenderers.
22/11/2016 01:14:02 (Std) 	WindowRendererFactory 'Core/Default' added. (07794710)
22/11/2016 01:14:02 (Std) 	Created WindowRendererFactory for 'Core/Editbox' WindowRenderers.
22/11/2016 01:14:02 (Std) 	WindowRendererFactory 'Core/Editbox' added. (07794198)
22/11/2016 01:14:02 (Std) 	Created WindowRendererFactory for 'Core/FrameWindow' WindowRenderers.
22/11/2016 01:14:02 (Std) 	WindowRendererFactory 'Core/FrameWindow' added. (077943F0)
22/11/2016 01:14:02 (Std) 	Created WindowRendererFactory for 'Core/ItemEntry' WindowRenderers.
22/11/2016 01:14:02 (Std) 	WindowRendererFactory 'Core/ItemEntry' added. (07794FA8)
22/11/2016 01:14:02 (Std) 	Created WindowRendererFactory for 'Core/ListHeader' WindowRenderers.
22/11/2016 01:14:02 (Std) 	WindowRendererFactory 'Core/ListHeader' added. (07795070)
22/11/2016 01:14:02 (Std) 	Created WindowRendererFactory for 'Core/ListHeaderSegment' WindowRenderers.
22/11/2016 01:14:02 (Std) 	WindowRendererFactory 'Core/ListHeaderSegment' added. (077947D8)
22/11/2016 01:14:02 (Std) 	Created WindowRendererFactory for 'Core/Listbox' WindowRenderers.
22/11/2016 01:14:02 (Std) 	WindowRendererFactory 'Core/Listbox' added. (07795840)
22/11/2016 01:14:02 (Std) 	Created WindowRendererFactory for 'Core/Menubar' WindowRenderers.
22/11/2016 01:14:02 (Std) 	WindowRendererFactory 'Core/Menubar' added. (077956B0)
22/11/2016 01:14:02 (Std) 	Created WindowRendererFactory for 'Core/MenuItem' WindowRenderers.
22/11/2016 01:14:02 (Std) 	WindowRendererFactory 'Core/MenuItem' added. (07795908)
22/11/2016 01:14:02 (Std) 	Created WindowRendererFactory for 'Core/MultiColumnList' WindowRenderers.
22/11/2016 01:14:02 (Std) 	WindowRendererFactory 'Core/MultiColumnList' added. (07795138)
22/11/2016 01:14:02 (Std) 	Created WindowRendererFactory for 'Core/MultiLineEditbox' WindowRenderers.
22/11/2016 01:14:02 (Std) 	WindowRendererFactory 'Core/MultiLineEditbox' added. (077940D0)
22/11/2016 01:14:02 (Std) 	Created WindowRendererFactory for 'Core/PopupMenu' WindowRenderers.
22/11/2016 01:14:02 (Std) 	WindowRendererFactory 'Core/PopupMenu' added. (07794968)
22/11/2016 01:14:02 (Std) 	Created WindowRendererFactory for 'Core/ProgressBar' WindowRenderers.
22/11/2016 01:14:02 (Std) 	WindowRendererFactory 'Core/ProgressBar' added. (077944B8)
22/11/2016 01:14:02 (Std) 	Created WindowRendererFactory for 'Core/ScrollablePane' WindowRenderers.
22/11/2016 01:14:02 (Std) 	WindowRendererFactory 'Core/ScrollablePane' added. (07794580)
22/11/2016 01:14:02 (Std) 	Created WindowRendererFactory for 'Core/Scrollbar' WindowRenderers.
22/11/2016 01:14:02 (Std) 	WindowRendererFactory 'Core/Scrollbar' added. (07794A30)
22/11/2016 01:14:02 (Std) 	Created WindowRendererFactory for 'Core/Slider' WindowRenderers.
22/11/2016 01:14:02 (Std) 	WindowRendererFactory 'Core/Slider' added. (07794AF8)
22/11/2016 01:14:02 (Std) 	Created WindowRendererFactory for 'Core/Static' WindowRenderers.
22/11/2016 01:14:02 (Std) 	WindowRendererFactory 'Core/Static' added. (07794BC0)
22/11/2016 01:14:02 (Std) 	Created WindowRendererFactory for 'Core/StaticImage' WindowRenderers.
22/11/2016 01:14:02 (Std) 	WindowRendererFactory 'Core/StaticImage' added. (07795CF0)
22/11/2016 01:14:02 (Std) 	Created WindowRendererFactory for 'Core/StaticText' WindowRenderers.
22/11/2016 01:14:02 (Std) 	WindowRendererFactory 'Core/StaticText' added. (07795F48)
22/11/2016 01:14:02 (Std) 	Created WindowRendererFactory for 'Core/TabButton' WindowRenderers.
22/11/2016 01:14:02 (Std) 	WindowRendererFactory 'Core/TabButton' added. (077959D0)
22/11/2016 01:14:02 (Std) 	Created WindowRendererFactory for 'Core/TabControl' WindowRenderers.
22/11/2016 01:14:02 (Std) 	WindowRendererFactory 'Core/TabControl' added. (07795C28)
22/11/2016 01:14:02 (Std) 	Created WindowRendererFactory for 'Core/Titlebar' WindowRenderers.
22/11/2016 01:14:02 (Std) 	WindowRendererFactory 'Core/Titlebar' added. (07795DB8)
22/11/2016 01:14:02 (Std) 	Created WindowRendererFactory for 'Core/ToggleButton' WindowRenderers.
22/11/2016 01:14:02 (Std) 	WindowRendererFactory 'Core/ToggleButton' added. (07795E80)
22/11/2016 01:14:02 (Std) 	Created WindowRendererFactory for 'Core/Tooltip' WindowRenderers.
22/11/2016 01:14:02 (Std) 	WindowRendererFactory 'Core/Tooltip' added. (07795A98)
22/11/2016 01:14:02 (Std) 	Created WindowRendererFactory for 'Core/ItemListbox' WindowRenderers.
22/11/2016 01:14:02 (Std) 	WindowRendererFactory 'Core/ItemListbox' added. (07795B60)
22/11/2016 01:14:02 (Std) 	Created WindowRendererFactory for 'Core/Tree' WindowRenderers.
22/11/2016 01:14:02 (Std) 	WindowRendererFactory 'Core/Tree' added. (0795DC28)
22/11/2016 01:14:02 (Std) 	Creating falagard mapping for type 'TaharezLook/Label' using base type 'DefaultWindow', window renderer 'Core/Default' Look'N'Feel 'TaharezLook/Label' and RenderEffect ''. (0098D0B8)
22/11/2016 01:14:02 (Std) 	Creating falagard mapping for type 'TaharezLook/Button' using base type 'CEGUI/PushButton', window renderer 'Core/Button' Look'N'Feel 'TaharezLook/Button' and RenderEffect ''. (0098D0B8)
22/11/2016 01:14:02 (Std) 	Creating falagard mapping for type 'TaharezLook/Checkbox' using base type 'CEGUI/ToggleButton', window renderer 'Core/ToggleButton' Look'N'Feel 'TaharezLook/Checkbox' and RenderEffect ''. (0098D0B8)
22/11/2016 01:14:02 (Std) 	Creating falagard mapping for type 'TaharezLook/ImageButton' using base type 'CEGUI/PushButton', window renderer 'Core/Button' Look'N'Feel 'TaharezLook/ImageButton' and RenderEffect ''. (0098D0B8)
22/11/2016 01:14:02 (Std) 	Creating falagard mapping for type 'TaharezLook/RadioButton' using base type 'CEGUI/RadioButton', window renderer 'Core/ToggleButton' Look'N'Feel 'TaharezLook/RadioButton' and RenderEffect ''. (0098D0B8)
22/11/2016 01:14:02 (Std) 	Creating falagard mapping for type 'TaharezLook/FrameWindow' using base type 'CEGUI/FrameWindow', window renderer 'Core/FrameWindow' Look'N'Feel 'TaharezLook/FrameWindow' and RenderEffect ''. (0098D0B8)
22/11/2016 01:14:02 (Std) 	Creating falagard mapping for type 'TaharezLook/Titlebar' using base type 'CEGUI/Titlebar', window renderer 'Core/Titlebar' Look'N'Feel 'TaharezLook/Titlebar' and RenderEffect ''. (0098D0B8)
22/11/2016 01:14:02 (Std) 	Creating falagard mapping for type 'TaharezLook/Editbox' using base type 'CEGUI/Editbox', window renderer 'Core/Editbox' Look'N'Feel 'TaharezLook/Editbox' and RenderEffect ''. (0098D0B8)
22/11/2016 01:14:02 (Std) 	Creating falagard mapping for type 'TaharezLook/MultiLineEditbox' using base type 'CEGUI/MultiLineEditbox', window renderer 'Core/MultiLineEditbox' Look'N'Feel 'TaharezLook/MultiLineEditbox' and RenderEffect ''. (0098D0B8)
22/11/2016 01:14:02 (Std) 	Creating falagard mapping for type 'TaharezLook/Menubar' using base type 'CEGUI/Menubar', window renderer 'Core/Menubar' Look'N'Feel 'TaharezLook/Menubar' and RenderEffect ''. (0098D0B8)
22/11/2016 01:14:02 (Std) 	Creating falagard mapping for type 'TaharezLook/PopupMenu' using base type 'CEGUI/PopupMenu', window renderer 'Core/PopupMenu' Look'N'Feel 'TaharezLook/PopupMenu' and RenderEffect ''. (0098D0B8)
22/11/2016 01:14:02 (Std) 	Creating falagard mapping for type 'TaharezLook/MenuItem' using base type 'CEGUI/MenuItem', window renderer 'Core/MenuItem' Look'N'Feel 'TaharezLook/MenuItem' and RenderEffect ''. (0098D0B8)
22/11/2016 01:14:02 (Std) 	Creating falagard mapping for type 'TaharezLook/AlternateProgressBar' using base type 'CEGUI/ProgressBar', window renderer 'Core/ProgressBar' Look'N'Feel 'TaharezLook/AltProgressBar' and RenderEffect ''. (0098D0B8)
22/11/2016 01:14:02 (Std) 	Creating falagard mapping for type 'TaharezLook/ProgressBar' using base type 'CEGUI/ProgressBar', window renderer 'Core/ProgressBar' Look'N'Feel 'TaharezLook/ProgressBar' and RenderEffect ''. (0098D0B8)
22/11/2016 01:14:02 (Std) 	Creating falagard mapping for type 'TaharezLook/VUMeter' using base type 'CEGUI/ProgressBar', window renderer 'Core/ProgressBar' Look'N'Feel 'TaharezLook/VUMeter' and RenderEffect ''. (0098D0B8)
22/11/2016 01:14:02 (Std) 	Creating falagard mapping for type 'TaharezLook/VerticalScrollbar' using base type 'CEGUI/Scrollbar', window renderer 'Core/Scrollbar' Look'N'Feel 'TaharezLook/VerticalScrollbar' and RenderEffect ''. (0098D0B8)
22/11/2016 01:14:02 (Std) 	Creating falagard mapping for type 'TaharezLook/HorizontalScrollbar' using base type 'CEGUI/Scrollbar', window renderer 'Core/Scrollbar' Look'N'Feel 'TaharezLook/HorizontalScrollbar' and RenderEffect ''. (0098D0B8)
22/11/2016 01:14:02 (Std) 	Creating falagard mapping for type 'TaharezLook/VerticalScrollbarThumb' using base type 'CEGUI/Thumb', window renderer 'Core/Button' Look'N'Feel 'TaharezLook/VerticalScrollbarThumb' and RenderEffect ''. (0098D0B8)
22/11/2016 01:14:02 (Std) 	Creating falagard mapping for type 'TaharezLook/HorizontalScrollbarThumb' using base type 'CEGUI/Thumb', window renderer 'Core/Button' Look'N'Feel 'TaharezLook/HorizontalScrollbarThumb' and RenderEffect ''. (0098D0B8)
22/11/2016 01:14:02 (Std) 	Creating falagard mapping for type 'TaharezLook/LargeVerticalScrollbar' using base type 'CEGUI/Scrollbar', window renderer 'Core/Scrollbar' Look'N'Feel 'TaharezLook/LargeVerticalScrollbar' and RenderEffect ''. (0098D0B8)
22/11/2016 01:14:02 (Std) 	Creating falagard mapping for type 'TaharezLook/LargeVerticalScrollbarThumb' using base type 'CEGUI/Thumb', window renderer 'Core/Button' Look'N'Feel 'TaharezLook/LargeVerticalScrollbarThumb' and RenderEffect ''. (0098D0B8)
22/11/2016 01:14:02 (Std) 	Creating falagard mapping for type 'TaharezLook/TabButton' using base type 'CEGUI/TabButton', window renderer 'Core/TabButton' Look'N'Feel 'TaharezLook/TabButton' and RenderEffect ''. (0098D0B8)
22/11/2016 01:14:02 (Std) 	Creating falagard mapping for type 'TaharezLook/TabControl' using base type 'CEGUI/TabControl', window renderer 'Core/TabControl' Look'N'Feel 'TaharezLook/TabControl' and RenderEffect ''. (0098D0B8)
22/11/2016 01:14:02 (Std) 	Creating falagard mapping for type 'TaharezLook/TabContentPane' using base type 'DefaultWindow', window renderer 'Core/Default' Look'N'Feel 'TaharezLook/TabContentPane' and RenderEffect ''. (0098D0B8)
22/11/2016 01:14:02 (Std) 	Creating falagard mapping for type 'TaharezLook/TabButtonPane' using base type 'DefaultWindow', window renderer 'Core/Default' Look'N'Feel 'TaharezLook/TabButtonPane' and RenderEffect ''. (0098D0B8)
22/11/2016 01:14:02 (Std) 	Creating falagard mapping for type 'TaharezLook/ComboDropList' using base type 'CEGUI/ComboDropList', window renderer 'Core/Listbox' Look'N'Feel 'TaharezLook/ComboDropList' and RenderEffect ''. (0098D0B8)
22/11/2016 01:14:02 (Std) 	Creating falagard mapping for type 'TaharezLook/ComboEditbox' using base type 'CEGUI/Editbox', window renderer 'Core/Editbox' Look'N'Feel 'TaharezLook/ComboEditbox' and RenderEffect ''. (0098D0B8)
22/11/2016 01:14:02 (Std) 	Creating falagard mapping for type 'TaharezLook/Combobox' using base type 'CEGUI/Combobox', window renderer 'Core/Default' Look'N'Feel 'TaharezLook/Combobox' and RenderEffect ''. (0098D0B8)
22/11/2016 01:14:02 (Std) 	Creating falagard mapping for type 'TaharezLook/Listbox' using base type 'CEGUI/Listbox', window renderer 'Core/Listbox' Look'N'Feel 'TaharezLook/Listbox' and RenderEffect ''. (0098D0B8)
22/11/2016 01:14:02 (Std) 	Creating falagard mapping for type 'TaharezLook/ListHeader' using base type 'CEGUI/ListHeader', window renderer 'Core/ListHeader' Look'N'Feel 'TaharezLook/ListHeader' and RenderEffect ''. (0098D0B8)
22/11/2016 01:14:02 (Std) 	Creating falagard mapping for type 'TaharezLook/ListHeaderSegment' using base type 'CEGUI/ListHeaderSegment', window renderer 'Core/ListHeaderSegment' Look'N'Feel 'TaharezLook/ListHeaderSegment' and RenderEffect ''. (0098D0B8)
22/11/2016 01:14:02 (Std) 	Creating falagard mapping for type 'TaharezLook/MultiColumnList' using base type 'CEGUI/MultiColumnList', window renderer 'Core/MultiColumnList' Look'N'Feel 'TaharezLook/MultiColumnList' and RenderEffect ''. (0098D0B8)
22/11/2016 01:14:02 (Std) 	Creating falagard mapping for type 'TaharezLook/Slider' using base type 'CEGUI/Slider', window renderer 'Core/Slider' Look'N'Feel 'TaharezLook/Slider' and RenderEffect ''. (0098D0B8)
22/11/2016 01:14:02 (Std) 	Creating falagard mapping for type 'TaharezLook/SliderThumb' using base type 'CEGUI/Thumb', window renderer 'Core/Button' Look'N'Feel 'TaharezLook/SliderThumb' and RenderEffect ''. (0098D0B8)
22/11/2016 01:14:02 (Std) 	Creating falagard mapping for type 'TaharezLook/ScrollablePane' using base type 'CEGUI/ScrollablePane', window renderer 'Core/ScrollablePane' Look'N'Feel 'TaharezLook/ScrollablePane' and RenderEffect ''. (0098D0B8)
22/11/2016 01:14:02 (Std) 	Creating falagard mapping for type 'TaharezLook/Spinner' using base type 'CEGUI/Spinner', window renderer 'Core/Default' Look'N'Feel 'TaharezLook/Spinner' and RenderEffect ''. (0098D0B8)
22/11/2016 01:14:02 (Std) 	Creating falagard mapping for type 'TaharezLook/Tooltip' using base type 'CEGUI/Tooltip', window renderer 'Core/Tooltip' Look'N'Feel 'TaharezLook/Tooltip' and RenderEffect ''. (0098D0B8)
22/11/2016 01:14:02 (Std) 	Creating falagard mapping for type 'TaharezLook/StaticImage' using base type 'DefaultWindow', window renderer 'Core/StaticImage' Look'N'Feel 'TaharezLook/StaticImage' and RenderEffect ''. (0098D0B8)
22/11/2016 01:14:02 (Std) 	Creating falagard mapping for type 'TaharezLook/StaticText' using base type 'DefaultWindow', window renderer 'Core/StaticText' Look'N'Feel 'TaharezLook/StaticText' and RenderEffect ''. (0098D0B8)
22/11/2016 01:14:02 (Std) 	Creating falagard mapping for type 'TaharezLook/ItemListbox' using base type 'CEGUI/ItemListbox', window renderer 'Core/ItemListbox' Look'N'Feel 'TaharezLook/ItemListbox' and RenderEffect ''. (0098D0B8)
22/11/2016 01:14:02 (Std) 	Creating falagard mapping for type 'TaharezLook/ListboxItem' using base type 'CEGUI/ItemEntry', window renderer 'Core/ItemEntry' Look'N'Feel 'TaharezLook/ListboxItem' and RenderEffect ''. (0098D0B8)
22/11/2016 01:14:02 (Std) 	Creating falagard mapping for type 'TaharezLook/GroupBox' using base type 'DefaultWindow', window renderer 'Core/Default' Look'N'Feel 'TaharezLook/GroupBox' and RenderEffect ''. (0098D0B8)
22/11/2016 01:14:02 (Std) 	Creating falagard mapping for type 'TaharezLook/Tree' using base type 'CEGUI/Tree', window renderer 'Core/Tree' Look'N'Feel 'TaharezLook/Tree' and RenderEffect ''. (0098D0B8)
22/11/2016 01:14:02 (Std) 	Started creation of Scheme from XML specification:
22/11/2016 01:14:02 (Std) 	---- CEGUI GUIScheme name: AlfiskoSkin
22/11/2016 01:14:02 (Std) 	[ImageManager] Started creation of Imageset from XML specification:
22/11/2016 01:14:02 (Std) 	[ImageManager] ---- CEGUI Imageset name: AlfiskoSkin
22/11/2016 01:14:02 (Std) 	[ImageManager] ---- Source texture file: AlfiskoSkin.png
22/11/2016 01:14:02 (Std) 	[ImageManager] ---- Source texture resource group: (Default)
22/11/2016 01:14:02 (Std) 	[Direct3D9Renderer] Created texture: AlfiskoSkin
22/11/2016 01:14:02 (Std) 	[ImageManager] Created image: 'AlfiskoSkin/WindowB' (07572AC8) of type: BasicImage
22/11/2016 01:14:02 (Std) 	[ImageManager] Created image: 'AlfiskoSkin/WindowL' (078AFAD8) of type: BasicImage
22/11/2016 01:14:02 (Std) 	[ImageManager] Created image: 'AlfiskoSkin/WindowR' (078AF218) of type: BasicImage
22/11/2016 01:14:02 (Std) 	[ImageManager] Created image: 'AlfiskoSkin/WindowT' (078AF448) of type: BasicImage
22/11/2016 01:14:02 (Std) 	[ImageManager] Created image: 'AlfiskoSkin/EditboxB' (078AFE20) of type: BasicImage
22/11/2016 01:14:02 (Std) 	[ImageManager] Created image: 'AlfiskoSkin/EditboxL' (078AF100) of type: BasicImage
22/11/2016 01:14:02 (Std) 	[ImageManager] Created image: 'AlfiskoSkin/EditboxR' (078AEFE8) of type: BasicImage
22/11/2016 01:14:02 (Std) 	[ImageManager] Created image: 'AlfiskoSkin/EditboxT' (078AF8A8) of type: BasicImage
22/11/2016 01:14:02 (Std) 	[ImageManager] Created image: 'AlfiskoSkin/WindowBL' (078AF9C0) of type: BasicImage
22/11/2016 01:14:02 (Std) 	[ImageManager] Created image: 'AlfiskoSkin/WindowBR' (078AFBF0) of type: BasicImage
22/11/2016 01:14:02 (Std) 	[ImageManager] Created image: 'AlfiskoSkin/WindowTL' (078AF330) of type: BasicImage
22/11/2016 01:14:02 (Std) 	[ImageManager] Created image: 'AlfiskoSkin/WindowTR' (078AF560) of type: BasicImage
22/11/2016 01:14:02 (Std) 	[ImageManager] Created image: 'AlfiskoSkin/EditboxBL' (078AF678) of type: BasicImage
22/11/2016 01:14:02 (Std) 	[ImageManager] Created image: 'AlfiskoSkin/EditboxBR' (078AF790) of type: BasicImage
22/11/2016 01:14:02 (Std) 	[ImageManager] Created image: 'AlfiskoSkin/EditboxTL' (078AFD08) of type: BasicImage
22/11/2016 01:14:02 (Std) 	[ImageManager] Created image: 'AlfiskoSkin/EditboxTR' (077AF3A8) of type: BasicImage
22/11/2016 01:14:02 (Std) 	[ImageManager] Created image: 'AlfiskoSkin/MouseMove' (077AFE98) of type: BasicImage
22/11/2016 01:14:02 (Std) 	[ImageManager] Created image: 'AlfiskoSkin/MouseNeSw' (077AFB50) of type: BasicImage
22/11/2016 01:14:02 (Std) 	[ImageManager] Created image: 'AlfiskoSkin/NewImage1' (077AFD80) of type: BasicImage
22/11/2016 01:14:02 (Std) 	[ImageManager] Created image: 'AlfiskoSkin/MouseArrow' (077AEC00) of type: BasicImage
22/11/2016 01:14:02 (Std) 	[ImageManager] Created image: 'AlfiskoSkin/WindowFill' (077AF4C0) of type: BasicImage
22/11/2016 01:14:02 (Std) 	[ImageManager] Created image: 'AlfiskoSkin/EditboxFill' (077AFA38) of type: BasicImage
22/11/2016 01:14:02 (Std) 	[ImageManager] Created image: 'AlfiskoSkin/WindowClipB' (077AF5D8) of type: BasicImage
22/11/2016 01:14:02 (Std) 	[ImageManager] Created image: 'AlfiskoSkin/WindowClipL' (077B0640) of type: BasicImage
22/11/2016 01:14:02 (Std) 	[ImageManager] Created image: 'AlfiskoSkin/WindowClipR' (077B01E0) of type: BasicImage
22/11/2016 01:14:02 (Std) 	[ImageManager] Created image: 'AlfiskoSkin/WindowClipT' (077AF060) of type: BasicImage
22/11/2016 01:14:02 (Std) 	[ImageManager] Created image: 'AlfiskoSkin/ButtonHoverB' (077AFC68) of type: BasicImage
22/11/2016 01:14:02 (Std) 	[ImageManager] Created image: 'AlfiskoSkin/ButtonHoverL' (077B02F8) of type: BasicImage
22/11/2016 01:14:02 (Std) 	[ImageManager] Created image: 'AlfiskoSkin/ButtonHoverR' (077AED18) of type: BasicImage
22/11/2016 01:14:02 (Std) 	[ImageManager] Created image: 'AlfiskoSkin/ButtonHoverT' (077B00C8) of type: BasicImage
22/11/2016 01:14:02 (Std) 	[ImageManager] Created image: 'AlfiskoSkin/GenericBrush' (077AFFB0) of type: BasicImage
22/11/2016 01:14:02 (Std) 	[ImageManager] Created image: 'AlfiskoSkin/MouseTextBar' (077B0410) of type: BasicImage
22/11/2016 01:14:02 (Std) 	[ImageManager] Created image: 'AlfiskoSkin/ButtonHoverBL' (077AEF48) of type: BasicImage
22/11/2016 01:14:02 (Std) 	[ImageManager] Created image: 'AlfiskoSkin/ButtonHoverBR' (077B0528) of type: BasicImage
22/11/2016 01:14:02 (Std) 	[ImageManager] Created image: 'AlfiskoSkin/ButtonHoverTL' (077AF6F0) of type: BasicImage
22/11/2016 01:14:02 (Std) 	[ImageManager] Created image: 'AlfiskoSkin/ButtonHoverTR' (077AF178) of type: BasicImage
22/11/2016 01:14:02 (Std) 	[ImageManager] Created image: 'AlfiskoSkin/ButtonNormalB' (077AF290) of type: BasicImage
22/11/2016 01:14:02 (Std) 	[ImageManager] Created image: 'AlfiskoSkin/ButtonNormalL' (077AE688) of type: BasicImage
22/11/2016 01:14:02 (Std) 	[ImageManager] Created image: 'AlfiskoSkin/ButtonNormalR' (077AF920) of type: BasicImage
22/11/2016 01:14:02 (Std) 	[ImageManager] Created image: 'AlfiskoSkin/ButtonNormalT' (077AE7A0) of type: BasicImage
22/11/2016 01:14:02 (Std) 	[ImageManager] Created image: 'AlfiskoSkin/ButtonPushedB' (077AE570) of type: BasicImage
22/11/2016 01:14:02 (Std) 	[ImageManager] Created image: 'AlfiskoSkin/ButtonPushedL' (077AE8B8) of type: BasicImage
22/11/2016 01:14:02 (Std) 	[ImageManager] Created image: 'AlfiskoSkin/ButtonPushedR' (077B0758) of type: BasicImage
22/11/2016 01:14:02 (Std) 	[ImageManager] Created image: 'AlfiskoSkin/ButtonPushedT' (077AE9D0) of type: BasicImage
22/11/2016 01:14:02 (Std) 	[ImageManager] Created image: 'AlfiskoSkin/CheckboxHover' (077AEE30) of type: BasicImage
22/11/2016 01:14:02 (Std) 	[ImageManager] Created image: 'AlfiskoSkin/ProgressFullB' (077AF808) of type: BasicImage
22/11/2016 01:14:02 (Std) 	[ImageManager] Created image: 'AlfiskoSkin/ProgressFullL' (077B0F00) of type: BasicImage
22/11/2016 01:14:02 (Std) 	[ImageManager] Created image: 'AlfiskoSkin/ProgressFullR' (077B1018) of type: BasicImage
22/11/2016 01:14:02 (Std) 	[ImageManager] Created image: 'AlfiskoSkin/ProgressFullT' (077B22B0) of type: BasicImage
22/11/2016 01:14:02 (Std) 	[ImageManager] Created image: 'AlfiskoSkin/ScrollUpHover' (077B1590) of type: BasicImage
22/11/2016 01:14:02 (Std) 	[ImageManager] Created image: 'AlfiskoSkin/ButtonNormalBL' (077B1B08) of type: BasicImage
22/11/2016 01:14:02 (Std) 	[ImageManager] Created image: 'AlfiskoSkin/ButtonNormalBR' (077B1130) of type: BasicImage
22/11/2016 01:14:02 (Std) 	[ImageManager] Created image: 'AlfiskoSkin/ButtonNormalTL' (077B1F68) of type: BasicImage
22/11/2016 01:14:02 (Std) 	[ImageManager] Created image: 'AlfiskoSkin/ButtonNormalTR' (077B16A8) of type: BasicImage
22/11/2016 01:14:02 (Std) 	[ImageManager] Created image: 'AlfiskoSkin/ButtonPushedBL' (077B17C0) of type: BasicImage
22/11/2016 01:14:02 (Std) 	[ImageManager] Created image: 'AlfiskoSkin/ButtonPushedBR' (077B0AA0) of type: BasicImage
22/11/2016 01:14:02 (Std) 	[ImageManager] Created image: 'AlfiskoSkin/ButtonPushedTL' (077B18D8) of type: BasicImage
22/11/2016 01:14:02 (Std) 	[ImageManager] Created image: 'AlfiskoSkin/ButtonPushedTR' (077B0988) of type: BasicImage
22/11/2016 01:14:02 (Std) 	[ImageManager] Created image: 'AlfiskoSkin/CheckboxNormal' (077B19F0) of type: BasicImage
22/11/2016 01:14:02 (Std) 	[ImageManager] Created image: 'AlfiskoSkin/HorzScrollbarB' (077B1248) of type: BasicImage
22/11/2016 01:14:02 (Std) 	[ImageManager] Created image: 'AlfiskoSkin/HorzScrollbarT' (077B1C20) of type: BasicImage
22/11/2016 01:14:02 (Std) 	[ImageManager] Created image: 'AlfiskoSkin/ProgressEmptyB' (077B1360) of type: BasicImage
22/11/2016 01:14:02 (Std) 	[ImageManager] Created image: 'AlfiskoSkin/ProgressEmptyL' (077B1D38) of type: BasicImage
22/11/2016 01:14:02 (Std) 	[ImageManager] Created image: 'AlfiskoSkin/ProgressEmptyR' (077B0DE8) of type: BasicImage
22/11/2016 01:14:02 (Std) 	[ImageManager] Created image: 'AlfiskoSkin/ProgressEmptyT' (077B1E50) of type: BasicImage
22/11/2016 01:14:02 (Std) 	[ImageManager] Created image: 'AlfiskoSkin/ProgressFullBL' (077B2080) of type: BasicImage
22/11/2016 01:14:02 (Std) 	[ImageManager] Created image: 'AlfiskoSkin/ProgressFullBR' (077B2198) of type: BasicImage
22/11/2016 01:14:02 (Std) 	[ImageManager] Created image: 'AlfiskoSkin/ProgressFullTL' (077B1478) of type: BasicImage
22/11/2016 01:14:02 (Std) 	[ImageManager] Created image: 'AlfiskoSkin/ProgressFullTR' (077B23C8) of type: BasicImage
22/11/2016 01:14:02 (Std) 	[ImageManager] Created image: 'AlfiskoSkin/ProgressShadow' (077B0CD0) of type: BasicImage
22/11/2016 01:14:02 (Std) 	[ImageManager] Created image: 'AlfiskoSkin/ScrollUpNormal' (077B0870) of type: BasicImage
22/11/2016 01:14:02 (Std) 	[ImageManager] Created image: 'AlfiskoSkin/ScrollUpPushed' (077AEAE8) of type: BasicImage
22/11/2016 01:14:02 (Std) 	[ImageManager] Created image: 'AlfiskoSkin/TitlebarDummy1' (077B0BB8) of type: BasicImage
22/11/2016 01:14:02 (Std) 	[ImageManager] Created image: 'AlfiskoSkin/VertScrollbarL' (077BB030) of type: BasicImage
22/11/2016 01:14:02 (Std) 	[ImageManager] Created image: 'AlfiskoSkin/VertScrollbarR' (077BB378) of type: BasicImage
22/11/2016 01:14:02 (Std) 	[ImageManager] Created image: 'AlfiskoSkin/CheckboxChecked' (077BB148) of type: BasicImage
22/11/2016 01:14:02 (Std) 	[ImageManager] Created image: 'AlfiskoSkin/HorzThumbHoverB' (077BBA08) of type: BasicImage
22/11/2016 01:14:02 (Std) 	[ImageManager] Created image: 'AlfiskoSkin/HorzThumbHoverT' (077BB6C0) of type: BasicImage
22/11/2016 01:14:02 (Std) 	[ImageManager] Created image: 'AlfiskoSkin/ProgressEmptyBL' (077BA888) of type: BasicImage
22/11/2016 01:14:02 (Std) 	[ImageManager] Created image: 'AlfiskoSkin/ProgressEmptyBR' (077BB7D8) of type: BasicImage
22/11/2016 01:14:02 (Std) 	[ImageManager] Created image: 'AlfiskoSkin/ProgressEmptyTL' (077BABD0) of type: BasicImage
22/11/2016 01:14:02 (Std) 	[ImageManager] Created image: 'AlfiskoSkin/ProgressEmptyTR' (077BAAB8) of type: BasicImage
22/11/2016 01:14:02 (Std) 	[ImageManager] Created image: 'AlfiskoSkin/ScrollDownHover' (077BBE68) of type: BasicImage
22/11/2016 01:14:02 (Std) 	[ImageManager] Created image: 'AlfiskoSkin/ScrollLeftHover' (077BAE00) of type: BasicImage
22/11/2016 01:14:02 (Std) 	[ImageManager] Created image: 'AlfiskoSkin/TitlebarActiveB' (077BB260) of type: BasicImage
22/11/2016 01:14:02 (Std) 	[ImageManager] Created image: 'AlfiskoSkin/TitlebarActiveL' (077BBC38) of type: BasicImage
22/11/2016 01:14:02 (Std) 	[ImageManager] Created image: 'AlfiskoSkin/TitlebarActiveR' (077BAF18) of type: BasicImage
22/11/2016 01:14:02 (Std) 	[ImageManager] Created image: 'AlfiskoSkin/TitlebarActiveT' (077BB490) of type: BasicImage
22/11/2016 01:14:02 (Std) 	[ImageManager] Created image: 'AlfiskoSkin/VertThumbHoverL' (077BB5A8) of type: BasicImage
22/11/2016 01:14:02 (Std) 	[ImageManager] Created image: 'AlfiskoSkin/VertThumbHoverR' (077BBB20) of type: BasicImage
22/11/2016 01:14:02 (Std) 	[ImageManager] Created image: 'AlfiskoSkin/ButtonHoverFill1' (077BC1B0) of type: BasicImage
22/11/2016 01:14:02 (Std) 	[ImageManager] Created image: 'AlfiskoSkin/ButtonHoverFill2' (077BBF80) of type: BasicImage
22/11/2016 01:14:02 (Std) 	[ImageManager] Created image: 'AlfiskoSkin/HorzSliderTrackL' (077BB8F0) of type: BasicImage
22/11/2016 01:14:02 (Std) 	[ImageManager] Created image: 'AlfiskoSkin/HorzSliderTrackR' (077BC2C8) of type: BasicImage
22/11/2016 01:14:02 (Std) 	[ImageManager] Created image: 'AlfiskoSkin/HorzThumbHoverBL' (077BA9A0) of type: BasicImage
22/11/2016 01:14:02 (Std) 	[ImageManager] Created image: 'AlfiskoSkin/HorzThumbHoverBR' (077BACE8) of type: BasicImage
22/11/2016 01:14:02 (Std) 	[ImageManager] Created image: 'AlfiskoSkin/HorzThumbHoverTL' (077BBD50) of type: BasicImage
22/11/2016 01:14:02 (Std) 	[ImageManager] Created image: 'AlfiskoSkin/HorzThumbHoverTR' (077BC098) of type: BasicImage
22/11/2016 01:14:02 (Std) 	[ImageManager] Created image: 'AlfiskoSkin/HorzThumbNormalB' (077BC3E0) of type: BasicImage
22/11/2016 01:14:02 (Std) 	[ImageManager] Created image: 'AlfiskoSkin/HorzThumbNormalT' (077BA770) of type: BasicImage
22/11/2016 01:14:02 (Std) 	[ImageManager] Created image: 'AlfiskoSkin/HorzThumbPushedB' (077B9C80) of type: BasicImage
22/11/2016 01:14:02 (Std) 	[ImageManager] Created image: 'AlfiskoSkin/HorzThumbPushedT' (077B93C0) of type: BasicImage
22/11/2016 01:14:02 (Std) 	[ImageManager] Created image: 'AlfiskoSkin/HorzThumbShadowL' (077B94D8) of type: BasicImage
22/11/2016 01:14:02 (Std) 	[ImageManager] Created image: 'AlfiskoSkin/HorzThumbShadowR' (077B9A50) of type: BasicImage
22/11/2016 01:14:02 (Std) 	[ImageManager] Created image: 'AlfiskoSkin/ProgressFullFill' (077B9708) of type: BasicImage
22/11/2016 01:14:02 (Std) 	[ImageManager] Created image: 'AlfiskoSkin/RadioButtonHover' (077B9B68) of type: BasicImage
22/11/2016 01:14:02 (Std) 	[ImageManager] Created image: 'AlfiskoSkin/ScrollDownNormal' (077B9EB0) of type: BasicImage
22/11/2016 01:14:02 (Std) 	[ImageManager] Created image: 'AlfiskoSkin/ScrollDownPushed' (077B92A8) of type: BasicImage
22/11/2016 01:14:02 (Std) 	[ImageManager] Created image: 'AlfiskoSkin/ScrollLeftNormal' (077BA658) of type: BasicImage
22/11/2016 01:14:02 (Std) 	[ImageManager] Created image: 'AlfiskoSkin/ScrollLeftPushed' (077B95F0) of type: BasicImage
22/11/2016 01:14:02 (Std) 	[ImageManager] Created image: 'AlfiskoSkin/ScrollRightHover' (077B8B00) of type: BasicImage
22/11/2016 01:14:02 (Std) 	[ImageManager] Created image: 'AlfiskoSkin/TitlebarActiveBL' (077B9FC8) of type: BasicImage
22/11/2016 01:14:02 (Std) 	[ImageManager] Created image: 'AlfiskoSkin/TitlebarActiveBR' (077B9820) of type: BasicImage
22/11/2016 01:14:02 (Std) 	[ImageManager] Created image: 'AlfiskoSkin/TitlebarActiveTL' (077B9938) of type: BasicImage
22/11/2016 01:14:02 (Std) 	[ImageManager] Created image: 'AlfiskoSkin/TitlebarActiveTR' (077B9D98) of type: BasicImage
22/11/2016 01:14:02 (Std) 	[ImageManager] Created image: 'AlfiskoSkin/VertSliderTrackB' (077B8F60) of type: BasicImage
22/11/2016 01:14:02 (Std) 	[ImageManager] Created image: 'AlfiskoSkin/VertSliderTrackT' (077B9190) of type: BasicImage
22/11/2016 01:14:02 (Std) 	[ImageManager] Created image: 'AlfiskoSkin/VertThumbHoverBL' (077BA428) of type: BasicImage
22/11/2016 01:14:02 (Std) 	[ImageManager] Created image: 'AlfiskoSkin/VertThumbHoverBR' (077B88D0) of type: BasicImage
22/11/2016 01:14:02 (Std) 	[ImageManager] Created image: 'AlfiskoSkin/VertThumbHoverTL' (077BA0E0) of type: BasicImage
22/11/2016 01:14:02 (Std) 	[ImageManager] Created image: 'AlfiskoSkin/VertThumbHoverTR' (077B86A0) of type: BasicImage
22/11/2016 01:14:02 (Std) 	[ImageManager] Created image: 'AlfiskoSkin/VertThumbNormalL' (077BA1F8) of type: BasicImage
22/11/2016 01:14:02 (Std) 	[ImageManager] Created image: 'AlfiskoSkin/VertThumbNormalR' (077BA310) of type: BasicImage
22/11/2016 01:14:02 (Std) 	[ImageManager] Created image: 'AlfiskoSkin/VertThumbPushedL' (077B87B8) of type: BasicImage
22/11/2016 01:14:02 (Std) 	[ImageManager] Created image: 'AlfiskoSkin/VertThumbPushedR' (077B8C18) of type: BasicImage
22/11/2016 01:14:02 (Std) 	[ImageManager] Created image: 'AlfiskoSkin/VertThumbShadowB' (077B89E8) of type: BasicImage
22/11/2016 01:14:02 (Std) 	[ImageManager] Created image: 'AlfiskoSkin/VertThumbShadowT' (077BA540) of type: BasicImage
22/11/2016 01:14:02 (Std) 	[ImageManager] Created image: 'AlfiskoSkin/ButtonNormalFill1' (077B8588) of type: BasicImage
22/11/2016 01:14:02 (Std) 	[ImageManager] Created image: 'AlfiskoSkin/ButtonNormalFill2' (077B8D30) of type: BasicImage
22/11/2016 01:14:02 (Std) 	[ImageManager] Created image: 'AlfiskoSkin/ButtonPushedFill1' (077B8E48) of type: BasicImage
22/11/2016 01:14:02 (Std) 	[ImageManager] Created image: 'AlfiskoSkin/ButtonPushedFill2' (077B9078) of type: BasicImage
22/11/2016 01:14:02 (Std) 	[ImageManager] Created image: 'AlfiskoSkin/CloseButtonNormal' (077BF150) of type: BasicImage
22/11/2016 01:14:02 (Std) 	[ImageManager] Created image: 'AlfiskoSkin/CloseButtonPushed' (077BF038) of type: BasicImage
22/11/2016 01:14:02 (Std) 	[ImageManager] Created image: 'AlfiskoSkin/HorzSliderShadowL' (077BFF88) of type: BasicImage
22/11/2016 01:14:02 (Std) 	[ImageManager] Created image: 'AlfiskoSkin/HorzSliderShadowR' (077BF498) of type: BasicImage
22/11/2016 01:14:02 (Std) 	[ImageManager] Created image: 'AlfiskoSkin/HorzThumbNormalBL' (077BEF20) of type: BasicImage
22/11/2016 01:14:02 (Std) 	[ImageManager] Created image: 'AlfiskoSkin/HorzThumbNormalBR' (077BE890) of type: BasicImage
22/11/2016 01:14:02 (Std) 	[ImageManager] Created image: 'AlfiskoSkin/HorzThumbNormalTL' (077BF268) of type: BasicImage
22/11/2016 01:14:02 (Std) 	[ImageManager] Created image: 'AlfiskoSkin/HorzThumbNormalTR' (077BF380) of type: BasicImage
22/11/2016 01:14:02 (Std) 	[ImageManager] Created image: 'AlfiskoSkin/HorzThumbPushedBL' (077BFB28) of type: BasicImage
22/11/2016 01:14:02 (Std) 	[ImageManager] Created image: 'AlfiskoSkin/HorzThumbPushedBR' (077BFE70) of type: BasicImage
22/11/2016 01:14:02 (Std) 	[ImageManager] Created image: 'AlfiskoSkin/HorzThumbPushedTL' (077BF5B0) of type: BasicImage
22/11/2016 01:14:02 (Std) 	[ImageManager] Created image: 'AlfiskoSkin/HorzThumbPushedTR' (077BECF0) of type: BasicImage
22/11/2016 01:14:02 (Std) 	[ImageManager] Created image: 'AlfiskoSkin/ProgressEmptyFill' (077BF6C8) of type: BasicImage
22/11/2016 01:14:02 (Std) 	[ImageManager] Created image: 'AlfiskoSkin/RadioButtonNormal' (077BF7E0) of type: BasicImage
22/11/2016 01:14:02 (Std) 	[ImageManager] Created image: 'AlfiskoSkin/ScrollRightNormal' (077BFC40) of type: BasicImage
22/11/2016 01:14:02 (Std) 	[ImageManager] Created image: 'AlfiskoSkin/ScrollRightPushed' (077BEAC0) of type: BasicImage
22/11/2016 01:14:02 (Std) 	[ImageManager] Created image: 'AlfiskoSkin/TitlebarInactiveB' (077BF8F8) of type: BasicImage
22/11/2016 01:14:02 (Std) 	[ImageManager] Created image: 'AlfiskoSkin/TitlebarInactiveL' (077BFA10) of type: BasicImage
22/11/2016 01:14:02 (Std) 	[ImageManager] Created image: 'AlfiskoSkin/TitlebarInactiveR' (077BFD58) of type: BasicImage
22/11/2016 01:14:02 (Std) 	[ImageManager] Created image: 'AlfiskoSkin/TitlebarInactiveT' (077C00A0) of type: BasicImage
22/11/2016 01:14:02 (Std) 	[ImageManager] Created image: 'AlfiskoSkin/VertSliderShadowB' (077C01B8) of type: BasicImage
22/11/2016 01:14:02 (Std) 	[ImageManager] Created image: 'AlfiskoSkin/VertSliderShadowT' (077C02D0) of type: BasicImage
22/11/2016 01:14:02 (Std) 	[ImageManager] Created image: 'AlfiskoSkin/VertThumbNormalBL' (077C03E8) of type: BasicImage
22/11/2016 01:14:02 (Std) 	[ImageManager] Created image: 'AlfiskoSkin/VertThumbNormalBR' (077BE9A8) of type: BasicImage
22/11/2016 01:14:02 (Std) 	[ImageManager] Created image: 'AlfiskoSkin/VertThumbNormalTL' (077BEE08) of type: BasicImage
22/11/2016 01:14:02 (Std) 	[ImageManager] Created image: 'AlfiskoSkin/VertThumbNormalTR' (077BEBD8) of type: BasicImage
22/11/2016 01:14:02 (Std) 	[ImageManager] Created image: 'AlfiskoSkin/VertThumbPushedBL' (077BCC20) of type: BasicImage
22/11/2016 01:14:02 (Std) 	[ImageManager] Created image: 'AlfiskoSkin/VertThumbPushedBR' (077BD828) of type: BasicImage
22/11/2016 01:14:02 (Std) 	[ImageManager] Created image: 'AlfiskoSkin/VertThumbPushedTL' (077BCD38) of type: BasicImage
22/11/2016 01:14:02 (Std) 	[ImageManager] Created image: 'AlfiskoSkin/VertThumbPushedTR' (077BCE50) of type: BasicImage
22/11/2016 01:14:02 (Std) 	[ImageManager] Created image: 'AlfiskoSkin/HorzScrollbarFill1' (077BDA58) of type: BasicImage
22/11/2016 01:14:02 (Std) 	[ImageManager] Created image: 'AlfiskoSkin/HorzScrollbarFill2' (077BE430) of type: BasicImage
22/11/2016 01:14:02 (Std) 	[ImageManager] Created image: 'AlfiskoSkin/RadioButtonChecked' (077BDB70) of type: BasicImage
22/11/2016 01:14:02 (Std) 	[ImageManager] Created image: 'AlfiskoSkin/TitlebarInactiveBL' (077BD710) of type: BasicImage
22/11/2016 01:14:02 (Std) 	[ImageManager] Created image: 'AlfiskoSkin/TitlebarInactiveBR' (077BD2B0) of type: BasicImage
22/11/2016 01:14:02 (Std) 	[ImageManager] Created image: 'AlfiskoSkin/TitlebarInactiveTL' (077BDC88) of type: BasicImage
22/11/2016 01:14:02 (Std) 	[ImageManager] Created image: 'AlfiskoSkin/TitlebarInactiveTR' (077BE660) of type: BasicImage
22/11/2016 01:14:02 (Std) 	[ImageManager] Created image: 'AlfiskoSkin/VertScrollbarFill1' (077BC6A8) of type: BasicImage
22/11/2016 01:14:02 (Std) 	[ImageManager] Created image: 'AlfiskoSkin/VertScrollbarFill2' (077BD940) of type: BasicImage
22/11/2016 01:14:02 (Std) 	[ImageManager] Created image: 'AlfiskoSkin/HorzSliderTrackFill' (077BDEB8) of type: BasicImage
22/11/2016 01:14:02 (Std) 	[ImageManager] Created image: 'AlfiskoSkin/TitlebarActiveFill1' (077BDFD0) of type: BasicImage
22/11/2016 01:14:02 (Std) 	[ImageManager] Created image: 'AlfiskoSkin/TitlebarActiveFill2' (077BC9F0) of type: BasicImage
22/11/2016 01:14:02 (Std) 	[ImageManager] Created image: 'AlfiskoSkin/VertSliderTrackFill' (077BE548) of type: BasicImage
22/11/2016 01:14:02 (Std) 	[ImageManager] Created image: 'AlfiskoSkin/HorzSliderThumbHover' (077BCB08) of type: BasicImage
22/11/2016 01:14:02 (Std) 	[ImageManager] Created image: 'AlfiskoSkin/VertSliderThumbHover' (077BC7C0) of type: BasicImage
22/11/2016 01:14:02 (Std) 	[ImageManager] Created image: 'AlfiskoSkin/HorzSliderThumbNormal' (077BCF68) of type: BasicImage
22/11/2016 01:14:02 (Std) 	[ImageManager] Created image: 'AlfiskoSkin/HorzSliderThumbPushed' (077BDDA0) of type: BasicImage
22/11/2016 01:14:02 (Std) 	[ImageManager] Created image: 'AlfiskoSkin/TitlebarInactiveFill1' (077BD3C8) of type: BasicImage
22/11/2016 01:14:02 (Std) 	[ImageManager] Created image: 'AlfiskoSkin/TitlebarInactiveFill2' (077BE318) of type: BasicImage
22/11/2016 01:14:02 (Std) 	[ImageManager] Created image: 'AlfiskoSkin/VertSliderThumbNormal' (077BD4E0) of type: BasicImage
22/11/2016 01:14:02 (Std) 	[ImageManager] Created image: 'AlfiskoSkin/VertSliderThumbPushed' (077BE778) of type: BasicImage
22/11/2016 01:14:02 (Std) 	---- Returning existing instance of Font named 'DejaVuSans-12'.
22/11/2016 01:14:03 (Std) 	===== Falagard 'root' element: look and feel parsing begins =====
22/11/2016 01:14:03 (Std) 	===== Look and feel parsing completed =====
22/11/2016 01:14:03 (Std) 	No window renderer factories specified for module 'CEGUICoreWindowRendererSet' - adding all available factories...
22/11/2016 01:14:03 (Std) 	Creating falagard mapping for type 'AlfiskoSkin/Label' using base type 'DefaultWindow', window renderer 'Core/Default' Look'N'Feel 'AlfiskoSkin/Label' and RenderEffect ''. (0098D0B8)
22/11/2016 01:14:03 (Std) 	Creating falagard mapping for type 'AlfiskoSkin/Button' using base type 'CEGUI/PushButton', window renderer 'Core/Button' Look'N'Feel 'AlfiskoSkin/Button' and RenderEffect ''. (0098D0B8)
22/11/2016 01:14:03 (Std) 	Creating falagard mapping for type 'AlfiskoSkin/ImageButton' using base type 'CEGUI/PushButton', window renderer 'Core/Button' Look'N'Feel 'AlfiskoSkin/ImageButton' and RenderEffect ''. (0098D0B8)
22/11/2016 01:14:03 (Std) 	Creating falagard mapping for type 'AlfiskoSkin/RadioButton' using base type 'CEGUI/RadioButton', window renderer 'Core/ToggleButton' Look'N'Feel 'AlfiskoSkin/RadioButton' and RenderEffect ''. (0098D0B8)
22/11/2016 01:14:03 (Std) 	Creating falagard mapping for type 'AlfiskoSkin/Checkbox' using base type 'CEGUI/ToggleButton', window renderer 'Core/ToggleButton' Look'N'Feel 'AlfiskoSkin/Checkbox' and RenderEffect ''. (0098D0B8)
22/11/2016 01:14:03 (Std) 	Creating falagard mapping for type 'AlfiskoSkin/Titlebar' using base type 'CEGUI/Titlebar', window renderer 'Core/Titlebar' Look'N'Feel 'AlfiskoSkin/Titlebar' and RenderEffect ''. (0098D0B8)
22/11/2016 01:14:03 (Std) 	Creating falagard mapping for type 'AlfiskoSkin/FrameWindow' using base type 'CEGUI/FrameWindow', window renderer 'Core/FrameWindow' Look'N'Feel 'AlfiskoSkin/FrameWindow' and RenderEffect ''. (0098D0B8)
22/11/2016 01:14:03 (Std) 	Creating falagard mapping for type 'AlfiskoSkin/Editbox' using base type 'CEGUI/Editbox', window renderer 'Core/Editbox' Look'N'Feel 'AlfiskoSkin/Editbox' and RenderEffect ''. (0098D0B8)
22/11/2016 01:14:03 (Std) 	Creating falagard mapping for type 'AlfiskoSkin/VerticalScrollbarThumb' using base type 'CEGUI/Thumb', window renderer 'Core/Button' Look'N'Feel 'AlfiskoSkin/VerticalScrollbarThumb' and RenderEffect ''. (0098D0B8)
22/11/2016 01:14:03 (Std) 	Creating falagard mapping for type 'AlfiskoSkin/VerticalScrollbar' using base type 'CEGUI/Scrollbar', window renderer 'Core/Scrollbar' Look'N'Feel 'AlfiskoSkin/VerticalScrollbar' and RenderEffect ''. (0098D0B8)
22/11/2016 01:14:03 (Std) 	Creating falagard mapping for type 'AlfiskoSkin/HorizontalScrollbarThumb' using base type 'CEGUI/Thumb', window renderer 'Core/Button' Look'N'Feel 'AlfiskoSkin/HorizontalScrollbarThumb' and RenderEffect ''. (0098D0B8)
22/11/2016 01:14:03 (Std) 	Creating falagard mapping for type 'AlfiskoSkin/HorizontalScrollbar' using base type 'CEGUI/Scrollbar', window renderer 'Core/Scrollbar' Look'N'Feel 'AlfiskoSkin/HorizontalScrollbar' and RenderEffect ''. (0098D0B8)
22/11/2016 01:14:03 (Std) 	Creating falagard mapping for type 'AlfiskoSkin/MultiLineEditbox' using base type 'CEGUI/MultiLineEditbox', window renderer 'Core/MultiLineEditbox' Look'N'Feel 'AlfiskoSkin/MultiLineEditbox' and RenderEffect ''. (0098D0B8)
22/11/2016 01:14:03 (Std) 	Creating falagard mapping for type 'AlfiskoSkin/ProgressBar' using base type 'CEGUI/ProgressBar', window renderer 'Core/ProgressBar' Look'N'Feel 'AlfiskoSkin/ProgressBar' and RenderEffect ''. (0098D0B8)
22/11/2016 01:14:03 (Std) 	Creating falagard mapping for type 'AlfiskoSkin/HorizontalSliderThumb' using base type 'CEGUI/Thumb', window renderer 'Core/Button' Look'N'Feel 'AlfiskoSkin/HorizontalSliderThumb' and RenderEffect ''. (0098D0B8)
22/11/2016 01:14:03 (Std) 	Creating falagard mapping for type 'AlfiskoSkin/HorizontalSlider' using base type 'CEGUI/Slider', window renderer 'Core/Slider' Look'N'Feel 'AlfiskoSkin/HorizontalSlider' and RenderEffect ''. (0098D0B8)
22/11/2016 01:14:03 (Std) 	Creating falagard mapping for type 'AlfiskoSkin/VerticalSliderThumb' using base type 'CEGUI/Thumb', window renderer 'Core/Button' Look'N'Feel 'AlfiskoSkin/VerticalSliderThumb' and RenderEffect ''. (0098D0B8)
22/11/2016 01:14:03 (Std) 	Creating falagard mapping for type 'AlfiskoSkin/VerticalSlider' using base type 'CEGUI/Slider', window renderer 'Core/Slider' Look'N'Feel 'AlfiskoSkin/VerticalSlider' and RenderEffect ''. (0098D0B8)
22/11/2016 01:14:03 (Std) 	Creating falagard mapping for type 'AlfiskoSkin/MenuItem' using base type 'CEGUI/MenuItem', window renderer 'Core/MenuItem' Look'N'Feel 'AlfiskoSkin/MenuItem' and RenderEffect ''. (0098D0B8)
22/11/2016 01:14:03 (Std) 	[Direct3D9Renderer] Created texture: _d3d9_tt_tex_0
22/11/2016 01:14:03 (Std) 	[Direct3D9Renderer] Created texture: DejaVuSans-10_auto_glyph_images_32
